The system is: Linux - 3.19.0-49-generic - x86_64
Compiling the C compiler identification source file "CMakeCCompilerId.c" succeeded.
Compiler: /usr/bin/cc 
Build flags: 
Id flags: 

The output was:
0


Compilation of the C compiler identification source "CMakeCCompilerId.c" produced "a.out"

The C compiler identification is GNU, found in "/home/timer/ROS_bags/Photo-realistic Images (With Motion Blur And Noise): Fast Motion/VaFRIC_data_reader/CMakeFiles/2.8.12.2/CompilerIdC/a.out"

Compiling the CXX compiler identification source file "CMakeCXXCompilerId.cpp" succeeded.
Compiler: /usr/bin/c++ 
Build flags: 
Id flags: 

The output was:
0


Compilation of the CXX compiler identification source "CMakeCXXCompilerId.cpp" produced "a.out"

The CXX compiler identification is GNU, found in "/home/timer/ROS_bags/Photo-realistic Images (With Motion Blur And Noise): Fast Motion/VaFRIC_data_reader/CMakeFiles/2.8.12.2/CompilerIdCXX/a.out"

Determining if the C compiler works passed with the following output:
Change Dir: /home/timer/ROS_bags/Photo-realistic Images (With Motion Blur And Noise): Fast Motion/VaFRIC_data_reader/CMakeFiles/CMakeTmp

Run Build Command:/usr/bin/make "cmTryCompileExec2508440915/fast"
/usr/bin/make -f CMakeFiles/cmTryCompileExec2508440915.dir/build.make CMakeFiles/cmTryCompileExec2508440915.dir/build
make[1]: Entering directory `/home/timer/ROS_bags/Photo-realistic Images (With Motion Blur And Noise): Fast Motion/VaFRIC_data_reader/CMakeFiles/CMakeTmp'
/usr/bin/cmake -E cmake_progress_report "/home/timer/ROS_bags/Photo-realistic Images (With Motion Blur And Noise): Fast Motion/VaFRIC_data_reader/CMakeFiles/CMakeTmp/CMakeFiles" 1
Building C object CMakeFiles/cmTryCompileExec2508440915.dir/testCCompiler.c.o
/usr/bin/cc    -o CMakeFiles/cmTryCompileExec2508440915.dir/testCCompiler.c.o   -c "/home/timer/ROS_bags/Photo-realistic Images (With Motion Blur And Noise): Fast Motion/VaFRIC_data_reader/CMakeFiles/CMakeTmp/testCCompiler.c"
Linking C executable cmTryCompileExec2508440915
/usr/bin/cmake -E cmake_link_script CMakeFiles/cmTryCompileExec2508440915.dir/link.txt --verbose=1
/usr/bin/cc       CMakeFiles/cmTryCompileExec2508440915.dir/testCCompiler.c.o  -o cmTryCompileExec2508440915 -rdynamic 
make[1]: Leaving directory `/home/timer/ROS_bags/Photo-realistic Images (With Motion Blur And Noise): Fast Motion/VaFRIC_data_reader/CMakeFiles/CMakeTmp'


Detecting C compiler ABI info compiled with the following output:
Change Dir: /home/timer/ROS_bags/Photo-realistic Images (With Motion Blur And Noise): Fast Motion/VaFRIC_data_reader/CMakeFiles/CMakeTmp

Run Build Command:/usr/bin/make "cmTryCompileExec2427918525/fast"
/usr/bin/make -f CMakeFiles/cmTryCompileExec2427918525.dir/build.make CMakeFiles/cmTryCompileExec2427918525.dir/build
make[1]: Entering directory `/home/timer/ROS_bags/Photo-realistic Images (With Motion Blur And Noise): Fast Motion/VaFRIC_data_reader/CMakeFiles/CMakeTmp'
/usr/bin/cmake -E cmake_progress_report "/home/timer/ROS_bags/Photo-realistic Images (With Motion Blur And Noise): Fast Motion/VaFRIC_data_reader/CMakeFiles/CMakeTmp/CMakeFiles" 1
Building C object CMakeFiles/cmTryCompileExec2427918525.dir/CMakeCCompilerABI.c.o
/usr/bin/cc    -o CMakeFiles/cmTryCompileExec2427918525.dir/CMakeCCompilerABI.c.o   -c /usr/share/cmake-2.8/Modules/CMakeCCompilerABI.c
Linking C executable cmTryCompileExec2427918525
/usr/bin/cmake -E cmake_link_script CMakeFiles/cmTryCompileExec2427918525.dir/link.txt --verbose=1
/usr/bin/cc     -v CMakeFiles/cmTryCompileExec2427918525.dir/CMakeCCompilerABI.c.o  -o cmTryCompileExec2427918525 -rdynamic  
Using built-in specs.
COLLECT_GCC=/usr/bin/cc
COLLECT_LTO_WRAPPER=/usr/lib/gcc/x86_64-linux-gnu/4.8/lto-wrapper
Target: x86_64-linux-gnu
Configured with: ../src/configure -v --with-pkgversion='Ubuntu 4.8.4-2ubuntu1~14.04' --with-bugurl=file:///usr/share/doc/gcc-4.8/README.Bugs --enable-languages=c,c++,java,go,d,fortran,objc,obj-c++ --prefix=/usr --program-suffix=-4.8 --enable-shared --enable-linker-build-id --libexecdir=/usr/lib --without-included-gettext --enable-threads=posix --with-gxx-include-dir=/usr/include/c++/4.8 --libdir=/usr/lib --enable-nls --with-sysroot=/ --enable-clocale=gnu --enable-libstdcxx-debug --enable-libstdcxx-time=yes --enable-gnu-unique-object --disable-libmudflap --enable-plugin --with-system-zlib --disable-browser-plugin --enable-java-awt=gtk --enable-gtk-cairo --with-java-home=/usr/lib/jvm/java-1.5.0-gcj-4.8-amd64/jre --enable-java-home --with-jvm-root-dir=/usr/lib/jvm/java-1.5.0-gcj-4.8-amd64 --with-jvm-jar-dir=/usr/lib/jvm-exports/java-1.5.0-gcj-4.8-amd64 --with-arch-directory=amd64 --with-ecj-jar=/usr/share/java/eclipse-ecj.jar --enable-objc-gc --enable-multiarch --disable-werror --with-arch-32=i686 --with-abi=m64 --with-multilib-list=m32,m64,mx32 --with-tune=generic --enable-checking=release --build=x86_64-linux-gnu --host=x86_64-linux-gnu --target=x86_64-linux-gnu
Thread model: posix
gcc version 4.8.4 (Ubuntu 4.8.4-2ubuntu1~14.04) 
COMPILER_PATH=/usr/lib/gcc/x86_64-linux-gnu/4.8/:/usr/lib/gcc/x86_64-linux-gnu/4.8/:/usr/lib/gcc/x86_64-linux-gnu/:/usr/lib/gcc/x86_64-linux-gnu/4.8/:/usr/lib/gcc/x86_64-linux-gnu/
LIBRARY_PATH=/usr/lib/gcc/x86_64-linux-gnu/4.8/:/usr/lib/gcc/x86_64-linux-gnu/4.8/../../../x86_64-linux-gnu/:/usr/lib/gcc/x86_64-linux-gnu/4.8/../../../../lib/:/lib/x86_64-linux-gnu/:/lib/../lib/:/usr/lib/x86_64-linux-gnu/:/usr/lib/../lib/:/usr/lib/gcc/x86_64-linux-gnu/4.8/../../../:/lib/:/usr/lib/
COLLECT_GCC_OPTIONS='-v' '-o' 'cmTryCompileExec2427918525' '-rdynamic' '-mtune=generic' '-march=x86-64'
 /usr/lib/gcc/x86_64-linux-gnu/4.8/collect2 --sysroot=/ --build-id --eh-frame-hdr -m elf_x86_64 --hash-style=gnu --as-needed -export-dynamic -dynamic-linker /lib64/ld-linux-x86-64.so.2 -z relro -o cmTryCompileExec2427918525 /usr/lib/gcc/x86_64-linux-gnu/4.8/../../../x86_64-linux-gnu/crt1.o /usr/lib/gcc/x86_64-linux-gnu/4.8/../../../x86_64-linux-gnu/crti.o /usr/lib/gcc/x86_64-linux-gnu/4.8/crtbegin.o -L/usr/lib/gcc/x86_64-linux-gnu/4.8 -L/usr/lib/gcc/x86_64-linux-gnu/4.8/../../../x86_64-linux-gnu -L/usr/lib/gcc/x86_64-linux-gnu/4.8/../../../../lib -L/lib/x86_64-linux-gnu -L/lib/../lib -L/usr/lib/x86_64-linux-gnu -L/usr/lib/../lib -L/usr/lib/gcc/x86_64-linux-gnu/4.8/../../.. CMakeFiles/cmTryCompileExec2427918525.dir/CMakeCCompilerABI.c.o -lgcc --as-needed -lgcc_s --no-as-needed -lc -lgcc --as-needed -lgcc_s --no-as-needed /usr/lib/gcc/x86_64-linux-gnu/4.8/crtend.o /usr/lib/gcc/x86_64-linux-gnu/4.8/../../../x86_64-linux-gnu/crtn.o
make[1]: Leaving directory `/home/timer/ROS_bags/Photo-realistic Images (With Motion Blur And Noise): Fast Motion/VaFRIC_data_reader/CMakeFiles/CMakeTmp'


Parsed C implicit link information from above output:
  link line regex: [^( *|.*[/\])(ld|([^/\]+-)?ld|collect2)[^/\]*( |$)]
  ignore line: [Change Dir: /home/timer/ROS_bags/Photo-realistic Images (With Motion Blur And Noise): Fast Motion/VaFRIC_data_reader/CMakeFiles/CMakeTmp]
  ignore line: []
  ignore line: [Run Build Command:/usr/bin/make "cmTryCompileExec2427918525/fast"]
  ignore line: [/usr/bin/make -f CMakeFiles/cmTryCompileExec2427918525.dir/build.make CMakeFiles/cmTryCompileExec2427918525.dir/build]
  ignore line: [make[1]: Entering directory `/home/timer/ROS_bags/Photo-realistic Images (With Motion Blur And Noise): Fast Motion/VaFRIC_data_reader/CMakeFiles/CMakeTmp']
  ignore line: [/usr/bin/cmake -E cmake_progress_report "/home/timer/ROS_bags/Photo-realistic Images (With Motion Blur And Noise): Fast Motion/VaFRIC_data_reader/CMakeFiles/CMakeTmp/CMakeFiles" 1]
  ignore line: [Building C object CMakeFiles/cmTryCompileExec2427918525.dir/CMakeCCompilerABI.c.o]
  ignore line: [/usr/bin/cc    -o CMakeFiles/cmTryCompileExec2427918525.dir/CMakeCCompilerABI.c.o   -c /usr/share/cmake-2.8/Modules/CMakeCCompilerABI.c]
  ignore line: [Linking C executable cmTryCompileExec2427918525]
  ignore line: [/usr/bin/cmake -E cmake_link_script CMakeFiles/cmTryCompileExec2427918525.dir/link.txt --verbose=1]
  ignore line: [/usr/bin/cc     -v CMakeFiles/cmTryCompileExec2427918525.dir/CMakeCCompilerABI.c.o  -o cmTryCompileExec2427918525 -rdynamic  ]
  ignore line: [Using built-in specs.]
  ignore line: [COLLECT_GCC=/usr/bin/cc]
  ignore line: [COLLECT_LTO_WRAPPER=/usr/lib/gcc/x86_64-linux-gnu/4.8/lto-wrapper]
  ignore line: [Target: x86_64-linux-gnu]
  ignore line: [Configured with: ../src/configure -v --with-pkgversion='Ubuntu 4.8.4-2ubuntu1~14.04' --with-bugurl=file:///usr/share/doc/gcc-4.8/README.Bugs --enable-languages=c,c++,java,go,d,fortran,objc,obj-c++ --prefix=/usr --program-suffix=-4.8 --enable-shared --enable-linker-build-id --libexecdir=/usr/lib --without-included-gettext --enable-threads=posix --with-gxx-include-dir=/usr/include/c++/4.8 --libdir=/usr/lib --enable-nls --with-sysroot=/ --enable-clocale=gnu --enable-libstdcxx-debug --enable-libstdcxx-time=yes --enable-gnu-unique-object --disable-libmudflap --enable-plugin --with-system-zlib --disable-browser-plugin --enable-java-awt=gtk --enable-gtk-cairo --with-java-home=/usr/lib/jvm/java-1.5.0-gcj-4.8-amd64/jre --enable-java-home --with-jvm-root-dir=/usr/lib/jvm/java-1.5.0-gcj-4.8-amd64 --with-jvm-jar-dir=/usr/lib/jvm-exports/java-1.5.0-gcj-4.8-amd64 --with-arch-directory=amd64 --with-ecj-jar=/usr/share/java/eclipse-ecj.jar --enable-objc-gc --enable-multiarch --disable-werror --with-arch-32=i686 --with-abi=m64 --with-multilib-list=m32,m64,mx32 --with-tune=generic --enable-checking=release --build=x86_64-linux-gnu --host=x86_64-linux-gnu --target=x86_64-linux-gnu]
  ignore line: [Thread model: posix]
  ignore line: [gcc version 4.8.4 (Ubuntu 4.8.4-2ubuntu1~14.04) ]
  ignore line: [COMPILER_PATH=/usr/lib/gcc/x86_64-linux-gnu/4.8/:/usr/lib/gcc/x86_64-linux-gnu/4.8/:/usr/lib/gcc/x86_64-linux-gnu/:/usr/lib/gcc/x86_64-linux-gnu/4.8/:/usr/lib/gcc/x86_64-linux-gnu/]
  ignore line: [LIBRARY_PATH=/usr/lib/gcc/x86_64-linux-gnu/4.8/:/usr/lib/gcc/x86_64-linux-gnu/4.8/../../../x86_64-linux-gnu/:/usr/lib/gcc/x86_64-linux-gnu/4.8/../../../../lib/:/lib/x86_64-linux-gnu/:/lib/../lib/:/usr/lib/x86_64-linux-gnu/:/usr/lib/../lib/:/usr/lib/gcc/x86_64-linux-gnu/4.8/../../../:/lib/:/usr/lib/]
  ignore line: [COLLECT_GCC_OPTIONS='-v' '-o' 'cmTryCompileExec2427918525' '-rdynamic' '-mtune=generic' '-march=x86-64']
  link line: [ /usr/lib/gcc/x86_64-linux-gnu/4.8/collect2 --sysroot=/ --build-id --eh-frame-hdr -m elf_x86_64 --hash-style=gnu --as-needed -export-dynamic -dynamic-linker /lib64/ld-linux-x86-64.so.2 -z relro -o cmTryCompileExec2427918525 /usr/lib/gcc/x86_64-linux-gnu/4.8/../../../x86_64-linux-gnu/crt1.o /usr/lib/gcc/x86_64-linux-gnu/4.8/../../../x86_64-linux-gnu/crti.o /usr/lib/gcc/x86_64-linux-gnu/4.8/crtbegin.o -L/usr/lib/gcc/x86_64-linux-gnu/4.8 -L/usr/lib/gcc/x86_64-linux-gnu/4.8/../../../x86_64-linux-gnu -L/usr/lib/gcc/x86_64-linux-gnu/4.8/../../../../lib -L/lib/x86_64-linux-gnu -L/lib/../lib -L/usr/lib/x86_64-linux-gnu -L/usr/lib/../lib -L/usr/lib/gcc/x86_64-linux-gnu/4.8/../../.. CMakeFiles/cmTryCompileExec2427918525.dir/CMakeCCompilerABI.c.o -lgcc --as-needed -lgcc_s --no-as-needed -lc -lgcc --as-needed -lgcc_s --no-as-needed /usr/lib/gcc/x86_64-linux-gnu/4.8/crtend.o /usr/lib/gcc/x86_64-linux-gnu/4.8/../../../x86_64-linux-gnu/crtn.o]
    arg [/usr/lib/gcc/x86_64-linux-gnu/4.8/collect2] ==> ignore
    arg [--sysroot=/] ==> ignore
    arg [--build-id] ==> ignore
    arg [--eh-frame-hdr] ==> ignore
    arg [-m] ==> ignore
    arg [elf_x86_64] ==> ignore
    arg [--hash-style=gnu] ==> ignore
    arg [--as-needed] ==> ignore
    arg [-export-dynamic] ==> ignore
    arg [-dynamic-linker] ==> ignore
    arg [/lib64/ld-linux-x86-64.so.2] ==> ignore
    arg [-zrelro] ==> ignore
    arg [-o] ==> ignore
    arg [cmTryCompileExec2427918525] ==> ignore
    arg [/usr/lib/gcc/x86_64-linux-gnu/4.8/../../../x86_64-linux-gnu/crt1.o] ==> ignore
    arg [/usr/lib/gcc/x86_64-linux-gnu/4.8/../../../x86_64-linux-gnu/crti.o] ==> ignore
    arg [/usr/lib/gcc/x86_64-linux-gnu/4.8/crtbegin.o] ==> ignore
    arg [-L/usr/lib/gcc/x86_64-linux-gnu/4.8] ==> dir [/usr/lib/gcc/x86_64-linux-gnu/4.8]
    arg [-L/usr/lib/gcc/x86_64-linux-gnu/4.8/../../../x86_64-linux-gnu] ==> dir [/usr/lib/gcc/x86_64-linux-gnu/4.8/../../../x86_64-linux-gnu]
    arg [-L/usr/lib/gcc/x86_64-linux-gnu/4.8/../../../../lib] ==> dir [/usr/lib/gcc/x86_64-linux-gnu/4.8/../../../../lib]
    arg [-L/lib/x86_64-linux-gnu] ==> dir [/lib/x86_64-linux-gnu]
    arg [-L/lib/../lib] ==> dir [/lib/../lib]
    arg [-L/usr/lib/x86_64-linux-gnu] ==> dir [/usr/lib/x86_64-linux-gnu]
    arg [-L/usr/lib/../lib] ==> dir [/usr/lib/../lib]
    arg [-L/usr/lib/gcc/x86_64-linux-gnu/4.8/../../..] ==> dir [/usr/lib/gcc/x86_64-linux-gnu/4.8/../../..]
    arg [CMakeFiles/cmTryCompileExec2427918525.dir/CMakeCCompilerABI.c.o] ==> ignore
    arg [-lgcc] ==> lib [gcc]
    arg [--as-needed] ==> ignore
    arg [-lgcc_s] ==> lib [gcc_s]
    arg [--no-as-needed] ==> ignore
    arg [-lc] ==> lib [c]
    arg [-lgcc] ==> lib [gcc]
    arg [--as-needed] ==> ignore
    arg [-lgcc_s] ==> lib [gcc_s]
    arg [--no-as-needed] ==> ignore
    arg [/usr/lib/gcc/x86_64-linux-gnu/4.8/crtend.o] ==> ignore
    arg [/usr/lib/gcc/x86_64-linux-gnu/4.8/../../../x86_64-linux-gnu/crtn.o] ==> ignore
  remove lib [gcc]
  remove lib [gcc_s]
  remove lib [gcc]
  remove lib [gcc_s]
  collapse library dir [/usr/lib/gcc/x86_64-linux-gnu/4.8] ==> [/usr/lib/gcc/x86_64-linux-gnu/4.8]
  collapse library dir [/usr/lib/gcc/x86_64-linux-gnu/4.8/../../../x86_64-linux-gnu] ==> [/usr/lib/x86_64-linux-gnu]
  collapse library dir [/usr/lib/gcc/x86_64-linux-gnu/4.8/../../../../lib] ==> [/usr/lib]
  collapse library dir [/lib/x86_64-linux-gnu] ==> [/lib/x86_64-linux-gnu]
  collapse library dir [/lib/../lib] ==> [/lib]
  collapse library dir [/usr/lib/x86_64-linux-gnu] ==> [/usr/lib/x86_64-linux-gnu]
  collapse library dir [/usr/lib/../lib] ==> [/usr/lib]
  collapse library dir [/usr/lib/gcc/x86_64-linux-gnu/4.8/../../..] ==> [/usr/lib]
  implicit libs: [c]
  implicit dirs: [/usr/lib/gcc/x86_64-linux-gnu/4.8;/usr/lib/x86_64-linux-gnu;/usr/lib;/lib/x86_64-linux-gnu;/lib]
  implicit fwks: []


Determining if the CXX compiler works passed with the following output:
Change Dir: /home/timer/ROS_bags/Photo-realistic Images (With Motion Blur And Noise): Fast Motion/VaFRIC_data_reader/CMakeFiles/CMakeTmp

Run Build Command:/usr/bin/make "cmTryCompileExec2794912224/fast"
/usr/bin/make -f CMakeFiles/cmTryCompileExec2794912224.dir/build.make CMakeFiles/cmTryCompileExec2794912224.dir/build
make[1]: Entering directory `/home/timer/ROS_bags/Photo-realistic Images (With Motion Blur And Noise): Fast Motion/VaFRIC_data_reader/CMakeFiles/CMakeTmp'
/usr/bin/cmake -E cmake_progress_report "/home/timer/ROS_bags/Photo-realistic Images (With Motion Blur And Noise): Fast Motion/VaFRIC_data_reader/CMakeFiles/CMakeTmp/CMakeFiles" 1
Building CXX object CMakeFiles/cmTryCompileExec2794912224.dir/testCXXCompiler.cxx.o
/usr/bin/c++     -o CMakeFiles/cmTryCompileExec2794912224.dir/testCXXCompiler.cxx.o -c "/home/timer/ROS_bags/Photo-realistic Images (With Motion Blur And Noise): Fast Motion/VaFRIC_data_reader/CMakeFiles/CMakeTmp/testCXXCompiler.cxx"
Linking CXX executable cmTryCompileExec2794912224
/usr/bin/cmake -E cmake_link_script CMakeFiles/cmTryCompileExec2794912224.dir/link.txt --verbose=1
/usr/bin/c++        CMakeFiles/cmTryCompileExec2794912224.dir/testCXXCompiler.cxx.o  -o cmTryCompileExec2794912224 -rdynamic 
make[1]: Leaving directory `/home/timer/ROS_bags/Photo-realistic Images (With Motion Blur And Noise): Fast Motion/VaFRIC_data_reader/CMakeFiles/CMakeTmp'


Detecting CXX compiler ABI info compiled with the following output:
Change Dir: /home/timer/ROS_bags/Photo-realistic Images (With Motion Blur And Noise): Fast Motion/VaFRIC_data_reader/CMakeFiles/CMakeTmp

Run Build Command:/usr/bin/make "cmTryCompileExec3254720395/fast"
/usr/bin/make -f CMakeFiles/cmTryCompileExec3254720395.dir/build.make CMakeFiles/cmTryCompileExec3254720395.dir/build
make[1]: Entering directory `/home/timer/ROS_bags/Photo-realistic Images (With Motion Blur And Noise): Fast Motion/VaFRIC_data_reader/CMakeFiles/CMakeTmp'
/usr/bin/cmake -E cmake_progress_report "/home/timer/ROS_bags/Photo-realistic Images (With Motion Blur And Noise): Fast Motion/VaFRIC_data_reader/CMakeFiles/CMakeTmp/CMakeFiles" 1
Building CXX object CMakeFiles/cmTryCompileExec3254720395.dir/CMakeCXXCompilerABI.cpp.o
/usr/bin/c++     -o CMakeFiles/cmTryCompileExec3254720395.dir/CMakeCXXCompilerABI.cpp.o -c /usr/share/cmake-2.8/Modules/CMakeCXXCompilerABI.cpp
Linking CXX executable cmTryCompileExec3254720395
/usr/bin/cmake -E cmake_link_script CMakeFiles/cmTryCompileExec3254720395.dir/link.txt --verbose=1
/usr/bin/c++      -v CMakeFiles/cmTryCompileExec3254720395.dir/CMakeCXXCompilerABI.cpp.o  -o cmTryCompileExec3254720395 -rdynamic  
Using built-in specs.
COLLECT_GCC=/usr/bin/c++
COLLECT_LTO_WRAPPER=/usr/lib/gcc/x86_64-linux-gnu/4.8/lto-wrapper
Target: x86_64-linux-gnu
Configured with: ../src/configure -v --with-pkgversion='Ubuntu 4.8.4-2ubuntu1~14.04' --with-bugurl=file:///usr/share/doc/gcc-4.8/README.Bugs --enable-languages=c,c++,java,go,d,fortran,objc,obj-c++ --prefix=/usr --program-suffix=-4.8 --enable-shared --enable-linker-build-id --libexecdir=/usr/lib --without-included-gettext --enable-threads=posix --with-gxx-include-dir=/usr/include/c++/4.8 --libdir=/usr/lib --enable-nls --with-sysroot=/ --enable-clocale=gnu --enable-libstdcxx-debug --enable-libstdcxx-time=yes --enable-gnu-unique-object --disable-libmudflap --enable-plugin --with-system-zlib --disable-browser-plugin --enable-java-awt=gtk --enable-gtk-cairo --with-java-home=/usr/lib/jvm/java-1.5.0-gcj-4.8-amd64/jre --enable-java-home --with-jvm-root-dir=/usr/lib/jvm/java-1.5.0-gcj-4.8-amd64 --with-jvm-jar-dir=/usr/lib/jvm-exports/java-1.5.0-gcj-4.8-amd64 --with-arch-directory=amd64 --with-ecj-jar=/usr/share/java/eclipse-ecj.jar --enable-objc-gc --enable-multiarch --disable-werror --with-arch-32=i686 --with-abi=m64 --with-multilib-list=m32,m64,mx32 --with-tune=generic --enable-checking=release --build=x86_64-linux-gnu --host=x86_64-linux-gnu --target=x86_64-linux-gnu
Thread model: posix
gcc version 4.8.4 (Ubuntu 4.8.4-2ubuntu1~14.04) 
COMPILER_PATH=/usr/lib/gcc/x86_64-linux-gnu/4.8/:/usr/lib/gcc/x86_64-linux-gnu/4.8/:/usr/lib/gcc/x86_64-linux-gnu/:/usr/lib/gcc/x86_64-linux-gnu/4.8/:/usr/lib/gcc/x86_64-linux-gnu/
LIBRARY_PATH=/usr/lib/gcc/x86_64-linux-gnu/4.8/:/usr/lib/gcc/x86_64-linux-gnu/4.8/../../../x86_64-linux-gnu/:/usr/lib/gcc/x86_64-linux-gnu/4.8/../../../../lib/:/lib/x86_64-linux-gnu/:/lib/../lib/:/usr/lib/x86_64-linux-gnu/:/usr/lib/../lib/:/usr/lib/gcc/x86_64-linux-gnu/4.8/../../../:/lib/:/usr/lib/
COLLECT_GCC_OPTIONS='-v' '-o' 'cmTryCompileExec3254720395' '-rdynamic' '-shared-libgcc' '-mtune=generic' '-march=x86-64'
 /usr/lib/gcc/x86_64-linux-gnu/4.8/collect2 --sysroot=/ --build-id --eh-frame-hdr -m elf_x86_64 --hash-style=gnu --as-needed -export-dynamic -dynamic-linker /lib64/ld-linux-x86-64.so.2 -z relro -o cmTryCompileExec3254720395 /usr/lib/gcc/x86_64-linux-gnu/4.8/../../../x86_64-linux-gnu/crt1.o /usr/lib/gcc/x86_64-linux-gnu/4.8/../../../x86_64-linux-gnu/crti.o /usr/lib/gcc/x86_64-linux-gnu/4.8/crtbegin.o -L/usr/lib/gcc/x86_64-linux-gnu/4.8 -L/usr/lib/gcc/x86_64-linux-gnu/4.8/../../../x86_64-linux-gnu -L/usr/lib/gcc/x86_64-linux-gnu/4.8/../../../../lib -L/lib/x86_64-linux-gnu -L/lib/../lib -L/usr/lib/x86_64-linux-gnu -L/usr/lib/../lib -L/usr/lib/gcc/x86_64-linux-gnu/4.8/../../.. CMakeFiles/cmTryCompileExec3254720395.dir/CMakeCXXCompilerABI.cpp.o -lstdc++ -lm -lgcc_s -lgcc -lc -lgcc_s -lgcc /usr/lib/gcc/x86_64-linux-gnu/4.8/crtend.o /usr/lib/gcc/x86_64-linux-gnu/4.8/../../../x86_64-linux-gnu/crtn.o
make[1]: Leaving directory `/home/timer/ROS_bags/Photo-realistic Images (With Motion Blur And Noise): Fast Motion/VaFRIC_data_reader/CMakeFiles/CMakeTmp'


Parsed CXX implicit link information from above output:
  link line regex: [^( *|.*[/\])(ld|([^/\]+-)?ld|collect2)[^/\]*( |$)]
  ignore line: [Change Dir: /home/timer/ROS_bags/Photo-realistic Images (With Motion Blur And Noise): Fast Motion/VaFRIC_data_reader/CMakeFiles/CMakeTmp]
  ignore line: []
  ignore line: [Run Build Command:/usr/bin/make "cmTryCompileExec3254720395/fast"]
  ignore line: [/usr/bin/make -f CMakeFiles/cmTryCompileExec3254720395.dir/build.make CMakeFiles/cmTryCompileExec3254720395.dir/build]
  ignore line: [make[1]: Entering directory `/home/timer/ROS_bags/Photo-realistic Images (With Motion Blur And Noise): Fast Motion/VaFRIC_data_reader/CMakeFiles/CMakeTmp']
  ignore line: [/usr/bin/cmake -E cmake_progress_report "/home/timer/ROS_bags/Photo-realistic Images (With Motion Blur And Noise): Fast Motion/VaFRIC_data_reader/CMakeFiles/CMakeTmp/CMakeFiles" 1]
  ignore line: [Building CXX object CMakeFiles/cmTryCompileExec3254720395.dir/CMakeCXXCompilerABI.cpp.o]
  ignore line: [/usr/bin/c++     -o CMakeFiles/cmTryCompileExec3254720395.dir/CMakeCXXCompilerABI.cpp.o -c /usr/share/cmake-2.8/Modules/CMakeCXXCompilerABI.cpp]
  ignore line: [Linking CXX executable cmTryCompileExec3254720395]
  ignore line: [/usr/bin/cmake -E cmake_link_script CMakeFiles/cmTryCompileExec3254720395.dir/link.txt --verbose=1]
  ignore line: [/usr/bin/c++      -v CMakeFiles/cmTryCompileExec3254720395.dir/CMakeCXXCompilerABI.cpp.o  -o cmTryCompileExec3254720395 -rdynamic  ]
  ignore line: [Using built-in specs.]
  ignore line: [COLLECT_GCC=/usr/bin/c++]
  ignore line: [COLLECT_LTO_WRAPPER=/usr/lib/gcc/x86_64-linux-gnu/4.8/lto-wrapper]
  ignore line: [Target: x86_64-linux-gnu]
  ignore line: [Configured with: ../src/configure -v --with-pkgversion='Ubuntu 4.8.4-2ubuntu1~14.04' --with-bugurl=file:///usr/share/doc/gcc-4.8/README.Bugs --enable-languages=c,c++,java,go,d,fortran,objc,obj-c++ --prefix=/usr --program-suffix=-4.8 --enable-shared --enable-linker-build-id --libexecdir=/usr/lib --without-included-gettext --enable-threads=posix --with-gxx-include-dir=/usr/include/c++/4.8 --libdir=/usr/lib --enable-nls --with-sysroot=/ --enable-clocale=gnu --enable-libstdcxx-debug --enable-libstdcxx-time=yes --enable-gnu-unique-object --disable-libmudflap --enable-plugin --with-system-zlib --disable-browser-plugin --enable-java-awt=gtk --enable-gtk-cairo --with-java-home=/usr/lib/jvm/java-1.5.0-gcj-4.8-amd64/jre --enable-java-home --with-jvm-root-dir=/usr/lib/jvm/java-1.5.0-gcj-4.8-amd64 --with-jvm-jar-dir=/usr/lib/jvm-exports/java-1.5.0-gcj-4.8-amd64 --with-arch-directory=amd64 --with-ecj-jar=/usr/share/java/eclipse-ecj.jar --enable-objc-gc --enable-multiarch --disable-werror --with-arch-32=i686 --with-abi=m64 --with-multilib-list=m32,m64,mx32 --with-tune=generic --enable-checking=release --build=x86_64-linux-gnu --host=x86_64-linux-gnu --target=x86_64-linux-gnu]
  ignore line: [Thread model: posix]
  ignore line: [gcc version 4.8.4 (Ubuntu 4.8.4-2ubuntu1~14.04) ]
  ignore line: [COMPILER_PATH=/usr/lib/gcc/x86_64-linux-gnu/4.8/:/usr/lib/gcc/x86_64-linux-gnu/4.8/:/usr/lib/gcc/x86_64-linux-gnu/:/usr/lib/gcc/x86_64-linux-gnu/4.8/:/usr/lib/gcc/x86_64-linux-gnu/]
  ignore line: [LIBRARY_PATH=/usr/lib/gcc/x86_64-linux-gnu/4.8/:/usr/lib/gcc/x86_64-linux-gnu/4.8/../../../x86_64-linux-gnu/:/usr/lib/gcc/x86_64-linux-gnu/4.8/../../../../lib/:/lib/x86_64-linux-gnu/:/lib/../lib/:/usr/lib/x86_64-linux-gnu/:/usr/lib/../lib/:/usr/lib/gcc/x86_64-linux-gnu/4.8/../../../:/lib/:/usr/lib/]
  ignore line: [COLLECT_GCC_OPTIONS='-v' '-o' 'cmTryCompileExec3254720395' '-rdynamic' '-shared-libgcc' '-mtune=generic' '-march=x86-64']
  link line: [ /usr/lib/gcc/x86_64-linux-gnu/4.8/collect2 --sysroot=/ --build-id --eh-frame-hdr -m elf_x86_64 --hash-style=gnu --as-needed -export-dynamic -dynamic-linker /lib64/ld-linux-x86-64.so.2 -z relro -o cmTryCompileExec3254720395 /usr/lib/gcc/x86_64-linux-gnu/4.8/../../../x86_64-linux-gnu/crt1.o /usr/lib/gcc/x86_64-linux-gnu/4.8/../../../x86_64-linux-gnu/crti.o /usr/lib/gcc/x86_64-linux-gnu/4.8/crtbegin.o -L/usr/lib/gcc/x86_64-linux-gnu/4.8 -L/usr/lib/gcc/x86_64-linux-gnu/4.8/../../../x86_64-linux-gnu -L/usr/lib/gcc/x86_64-linux-gnu/4.8/../../../../lib -L/lib/x86_64-linux-gnu -L/lib/../lib -L/usr/lib/x86_64-linux-gnu -L/usr/lib/../lib -L/usr/lib/gcc/x86_64-linux-gnu/4.8/../../.. CMakeFiles/cmTryCompileExec3254720395.dir/CMakeCXXCompilerABI.cpp.o -lstdc++ -lm -lgcc_s -lgcc -lc -lgcc_s -lgcc /usr/lib/gcc/x86_64-linux-gnu/4.8/crtend.o /usr/lib/gcc/x86_64-linux-gnu/4.8/../../../x86_64-linux-gnu/crtn.o]
    arg [/usr/lib/gcc/x86_64-linux-gnu/4.8/collect2] ==> ignore
    arg [--sysroot=/] ==> ignore
    arg [--build-id] ==> ignore
    arg [--eh-frame-hdr] ==> ignore
    arg [-m] ==> ignore
    arg [elf_x86_64] ==> ignore
    arg [--hash-style=gnu] ==> ignore
    arg [--as-needed] ==> ignore
    arg [-export-dynamic] ==> ignore
    arg [-dynamic-linker] ==> ignore
    arg [/lib64/ld-linux-x86-64.so.2] ==> ignore
    arg [-zrelro] ==> ignore
    arg [-o] ==> ignore
    arg [cmTryCompileExec3254720395] ==> ignore
    arg [/usr/lib/gcc/x86_64-linux-gnu/4.8/../../../x86_64-linux-gnu/crt1.o] ==> ignore
    arg [/usr/lib/gcc/x86_64-linux-gnu/4.8/../../../x86_64-linux-gnu/crti.o] ==> ignore
    arg [/usr/lib/gcc/x86_64-linux-gnu/4.8/crtbegin.o] ==> ignore
    arg [-L/usr/lib/gcc/x86_64-linux-gnu/4.8] ==> dir [/usr/lib/gcc/x86_64-linux-gnu/4.8]
    arg [-L/usr/lib/gcc/x86_64-linux-gnu/4.8/../../../x86_64-linux-gnu] ==> dir [/usr/lib/gcc/x86_64-linux-gnu/4.8/../../../x86_64-linux-gnu]
    arg [-L/usr/lib/gcc/x86_64-linux-gnu/4.8/../../../../lib] ==> dir [/usr/lib/gcc/x86_64-linux-gnu/4.8/../../../../lib]
    arg [-L/lib/x86_64-linux-gnu] ==> dir [/lib/x86_64-linux-gnu]
    arg [-L/lib/../lib] ==> dir [/lib/../lib]
    arg [-L/usr/lib/x86_64-linux-gnu] ==> dir [/usr/lib/x86_64-linux-gnu]
    arg [-L/usr/lib/../lib] ==> dir [/usr/lib/../lib]
    arg [-L/usr/lib/gcc/x86_64-linux-gnu/4.8/../../..] ==> dir [/usr/lib/gcc/x86_64-linux-gnu/4.8/../../..]
    arg [CMakeFiles/cmTryCompileExec3254720395.dir/CMakeCXXCompilerABI.cpp.o] ==> ignore
    arg [-lstdc++] ==> lib [stdc++]
    arg [-lm] ==> lib [m]
    arg [-lgcc_s] ==> lib [gcc_s]
    arg [-lgcc] ==> lib [gcc]
    arg [-lc] ==> lib [c]
    arg [-lgcc_s] ==> lib [gcc_s]
    arg [-lgcc] ==> lib [gcc]
    arg [/usr/lib/gcc/x86_64-linux-gnu/4.8/crtend.o] ==> ignore
    arg [/usr/lib/gcc/x86_64-linux-gnu/4.8/../../../x86_64-linux-gnu/crtn.o] ==> ignore
  remove lib [gcc_s]
  remove lib [gcc]
  remove lib [gcc_s]
  remove lib [gcc]
  collapse library dir [/usr/lib/gcc/x86_64-linux-gnu/4.8] ==> [/usr/lib/gcc/x86_64-linux-gnu/4.8]
  collapse library dir [/usr/lib/gcc/x86_64-linux-gnu/4.8/../../../x86_64-linux-gnu] ==> [/usr/lib/x86_64-linux-gnu]
  collapse library dir [/usr/lib/gcc/x86_64-linux-gnu/4.8/../../../../lib] ==> [/usr/lib]
  collapse library dir [/lib/x86_64-linux-gnu] ==> [/lib/x86_64-linux-gnu]
  collapse library dir [/lib/../lib] ==> [/lib]
  collapse library dir [/usr/lib/x86_64-linux-gnu] ==> [/usr/lib/x86_64-linux-gnu]
  collapse library dir [/usr/lib/../lib] ==> [/usr/lib]
  collapse library dir [/usr/lib/gcc/x86_64-linux-gnu/4.8/../../..] ==> [/usr/lib]
  implicit libs: [stdc++;m;c]
  implicit dirs: [/usr/lib/gcc/x86_64-linux-gnu/4.8;/usr/lib/x86_64-linux-gnu;/usr/lib;/lib/x86_64-linux-gnu;/lib]
  implicit fwks: []


Performing C SOURCE FILE Test OpenMP_FLAG_DETECTED succeded with the following output:
Change Dir: /home/timer/ROS_bags/Photo-realistic Images (With Motion Blur And Noise): Fast Motion/VaFRIC_data_reader/CMakeFiles/CMakeTmp

Run Build Command:/usr/bin/make "cmTryCompileExec149076114/fast"
/usr/bin/make -f CMakeFiles/cmTryCompileExec149076114.dir/build.make CMakeFiles/cmTryCompileExec149076114.dir/build
make[1]: Entering directory `/home/timer/ROS_bags/Photo-realistic Images (With Motion Blur And Noise): Fast Motion/VaFRIC_data_reader/CMakeFiles/CMakeTmp'
/usr/bin/cmake -E cmake_progress_report "/home/timer/ROS_bags/Photo-realistic Images (With Motion Blur And Noise): Fast Motion/VaFRIC_data_reader/CMakeFiles/CMakeTmp/CMakeFiles" 1
Building C object CMakeFiles/cmTryCompileExec149076114.dir/src.c.o
/usr/bin/cc   -DOpenMP_FLAG_DETECTED -fopenmp   -o CMakeFiles/cmTryCompileExec149076114.dir/src.c.o   -c "/home/timer/ROS_bags/Photo-realistic Images (With Motion Blur And Noise): Fast Motion/VaFRIC_data_reader/CMakeFiles/CMakeTmp/src.c"
Linking C executable cmTryCompileExec149076114
/usr/bin/cmake -E cmake_link_script CMakeFiles/cmTryCompileExec149076114.dir/link.txt --verbose=1
/usr/bin/cc   -DOpenMP_FLAG_DETECTED -fopenmp    CMakeFiles/cmTryCompileExec149076114.dir/src.c.o  -o cmTryCompileExec149076114 -rdynamic 
make[1]: Leaving directory `/home/timer/ROS_bags/Photo-realistic Images (With Motion Blur And Noise): Fast Motion/VaFRIC_data_reader/CMakeFiles/CMakeTmp'

Source file was:

#include <omp.h>
int main() {
#ifdef _OPENMP
  return 0;
#else
  breaks_on_purpose
#endif
}

Performing C++ SOURCE FILE Test OpenMP_FLAG_DETECTED succeded with the following output:
Change Dir: /home/timer/ROS_bags/Photo-realistic Images (With Motion Blur And Noise): Fast Motion/VaFRIC_data_reader/CMakeFiles/CMakeTmp

Run Build Command:/usr/bin/make "cmTryCompileExec3995652837/fast"
/usr/bin/make -f CMakeFiles/cmTryCompileExec3995652837.dir/build.make CMakeFiles/cmTryCompileExec3995652837.dir/build
make[1]: Entering directory `/home/timer/ROS_bags/Photo-realistic Images (With Motion Blur And Noise): Fast Motion/VaFRIC_data_reader/CMakeFiles/CMakeTmp'
/usr/bin/cmake -E cmake_progress_report "/home/timer/ROS_bags/Photo-realistic Images (With Motion Blur And Noise): Fast Motion/VaFRIC_data_reader/CMakeFiles/CMakeTmp/CMakeFiles" 1
Building CXX object CMakeFiles/cmTryCompileExec3995652837.dir/src.cxx.o
/usr/bin/c++    -DOpenMP_FLAG_DETECTED -fopenmp   -o CMakeFiles/cmTryCompileExec3995652837.dir/src.cxx.o -c "/home/timer/ROS_bags/Photo-realistic Images (With Motion Blur And Noise): Fast Motion/VaFRIC_data_reader/CMakeFiles/CMakeTmp/src.cxx"
Linking CXX executable cmTryCompileExec3995652837
/usr/bin/cmake -E cmake_link_script CMakeFiles/cmTryCompileExec3995652837.dir/link.txt --verbose=1
/usr/bin/c++    -DOpenMP_FLAG_DETECTED -fopenmp    CMakeFiles/cmTryCompileExec3995652837.dir/src.cxx.o  -o cmTryCompileExec3995652837 -rdynamic 
make[1]: Leaving directory `/home/timer/ROS_bags/Photo-realistic Images (With Motion Blur And Noise): Fast Motion/VaFRIC_data_reader/CMakeFiles/CMakeTmp'

Source file was:

#include <omp.h>
int main() {
#ifdef _OPENMP
  return 0;
#else
  breaks_on_purpose
#endif
}

Performing C SOURCE FILE Test OpenMP_FLAG_DETECTED succeded with the following output:
Change Dir: /home/timer/ROS_bags/mine_VaFRIC_data_reader/CMakeFiles/CMakeTmp

Run Build Command:/usr/bin/make "cmTryCompileExec940347794/fast"
/usr/bin/make -f CMakeFiles/cmTryCompileExec940347794.dir/build.make CMakeFiles/cmTryCompileExec940347794.dir/build
make[1]: Entering directory `/home/timer/ROS_bags/mine_VaFRIC_data_reader/CMakeFiles/CMakeTmp'
/usr/bin/cmake -E cmake_progress_report /home/timer/ROS_bags/mine_VaFRIC_data_reader/CMakeFiles/CMakeTmp/CMakeFiles 1
Building C object CMakeFiles/cmTryCompileExec940347794.dir/src.c.o
/usr/bin/cc   -DOpenMP_FLAG_DETECTED -fopenmp   -o CMakeFiles/cmTryCompileExec940347794.dir/src.c.o   -c /home/timer/ROS_bags/mine_VaFRIC_data_reader/CMakeFiles/CMakeTmp/src.c
Linking C executable cmTryCompileExec940347794
/usr/bin/cmake -E cmake_link_script CMakeFiles/cmTryCompileExec940347794.dir/link.txt --verbose=1
/usr/bin/cc   -DOpenMP_FLAG_DETECTED -fopenmp    CMakeFiles/cmTryCompileExec940347794.dir/src.c.o  -o cmTryCompileExec940347794 -rdynamic 
make[1]: Leaving directory `/home/timer/ROS_bags/mine_VaFRIC_data_reader/CMakeFiles/CMakeTmp'

Source file was:

#include <omp.h>
int main() {
#ifdef _OPENMP
  return 0;
#else
  breaks_on_purpose
#endif
}

Performing C++ SOURCE FILE Test OpenMP_FLAG_DETECTED succeded with the following output:
Change Dir: /home/timer/ROS_bags/mine_VaFRIC_data_reader/CMakeFiles/CMakeTmp

Run Build Command:/usr/bin/make "cmTryCompileExec4065622694/fast"
/usr/bin/make -f CMakeFiles/cmTryCompileExec4065622694.dir/build.make CMakeFiles/cmTryCompileExec4065622694.dir/build
make[1]: Entering directory `/home/timer/ROS_bags/mine_VaFRIC_data_reader/CMakeFiles/CMakeTmp'
/usr/bin/cmake -E cmake_progress_report /home/timer/ROS_bags/mine_VaFRIC_data_reader/CMakeFiles/CMakeTmp/CMakeFiles 1
Building CXX object CMakeFiles/cmTryCompileExec4065622694.dir/src.cxx.o
/usr/bin/c++    -DOpenMP_FLAG_DETECTED -fopenmp   -o CMakeFiles/cmTryCompileExec4065622694.dir/src.cxx.o -c /home/timer/ROS_bags/mine_VaFRIC_data_reader/CMakeFiles/CMakeTmp/src.cxx
Linking CXX executable cmTryCompileExec4065622694
/usr/bin/cmake -E cmake_link_script CMakeFiles/cmTryCompileExec4065622694.dir/link.txt --verbose=1
/usr/bin/c++    -DOpenMP_FLAG_DETECTED -fopenmp    CMakeFiles/cmTryCompileExec4065622694.dir/src.cxx.o  -o cmTryCompileExec4065622694 -rdynamic 
make[1]: Leaving directory `/home/timer/ROS_bags/mine_VaFRIC_data_reader/CMakeFiles/CMakeTmp'

Source file was:

#include <omp.h>
int main() {
#ifdef _OPENMP
  return 0;
#else
  breaks_on_purpose
#endif
}

Performing C SOURCE FILE Test OpenMP_FLAG_DETECTED succeded with the following output:
Change Dir: /home/timer/work_git/VaFRIC_data_reader_OpenCV_Eigen/CMakeFiles/CMakeTmp

Run Build Command:/usr/bin/make "cmTryCompileExec2142296555/fast"
/usr/bin/make -f CMakeFiles/cmTryCompileExec2142296555.dir/build.make CMakeFiles/cmTryCompileExec2142296555.dir/build
make[1]: Entering directory `/home/timer/work_git/VaFRIC_data_reader_OpenCV_Eigen/CMakeFiles/CMakeTmp'
/usr/bin/cmake -E cmake_progress_report /home/timer/work_git/VaFRIC_data_reader_OpenCV_Eigen/CMakeFiles/CMakeTmp/CMakeFiles 1
Building C object CMakeFiles/cmTryCompileExec2142296555.dir/src.c.o
/usr/bin/cc   -DOpenMP_FLAG_DETECTED -fopenmp   -o CMakeFiles/cmTryCompileExec2142296555.dir/src.c.o   -c /home/timer/work_git/VaFRIC_data_reader_OpenCV_Eigen/CMakeFiles/CMakeTmp/src.c
Linking C executable cmTryCompileExec2142296555
/usr/bin/cmake -E cmake_link_script CMakeFiles/cmTryCompileExec2142296555.dir/link.txt --verbose=1
/usr/bin/cc   -DOpenMP_FLAG_DETECTED -fopenmp    CMakeFiles/cmTryCompileExec2142296555.dir/src.c.o  -o cmTryCompileExec2142296555 -rdynamic 
make[1]: Leaving directory `/home/timer/work_git/VaFRIC_data_reader_OpenCV_Eigen/CMakeFiles/CMakeTmp'

Source file was:

#include <omp.h>
int main() {
#ifdef _OPENMP
  return 0;
#else
  breaks_on_purpose
#endif
}

Performing C++ SOURCE FILE Test OpenMP_FLAG_DETECTED succeded with the following output:
Change Dir: /home/timer/work_git/VaFRIC_data_reader_OpenCV_Eigen/CMakeFiles/CMakeTmp

Run Build Command:/usr/bin/make "cmTryCompileExec3872548147/fast"
/usr/bin/make -f CMakeFiles/cmTryCompileExec3872548147.dir/build.make CMakeFiles/cmTryCompileExec3872548147.dir/build
make[1]: Entering directory `/home/timer/work_git/VaFRIC_data_reader_OpenCV_Eigen/CMakeFiles/CMakeTmp'
/usr/bin/cmake -E cmake_progress_report /home/timer/work_git/VaFRIC_data_reader_OpenCV_Eigen/CMakeFiles/CMakeTmp/CMakeFiles 1
Building CXX object CMakeFiles/cmTryCompileExec3872548147.dir/src.cxx.o
/usr/bin/c++    -DOpenMP_FLAG_DETECTED -fopenmp   -o CMakeFiles/cmTryCompileExec3872548147.dir/src.cxx.o -c /home/timer/work_git/VaFRIC_data_reader_OpenCV_Eigen/CMakeFiles/CMakeTmp/src.cxx
Linking CXX executable cmTryCompileExec3872548147
/usr/bin/cmake -E cmake_link_script CMakeFiles/cmTryCompileExec3872548147.dir/link.txt --verbose=1
/usr/bin/c++    -DOpenMP_FLAG_DETECTED -fopenmp    CMakeFiles/cmTryCompileExec3872548147.dir/src.cxx.o  -o cmTryCompileExec3872548147 -rdynamic 
make[1]: Leaving directory `/home/timer/work_git/VaFRIC_data_reader_OpenCV_Eigen/CMakeFiles/CMakeTmp'

Source file was:

#include <omp.h>
int main() {
#ifdef _OPENMP
  return 0;
#else
  breaks_on_purpose
#endif
}

Performing C SOURCE FILE Test OpenMP_FLAG_DETECTED succeded with the following output:
Change Dir: /home/timer/work_git/VaFRIC_data_reader_OpenCV_Eigen/CMakeFiles/CMakeTmp

Run Build Command:/usr/bin/make "cmTryCompileExec3514598460/fast"
/usr/bin/make -f CMakeFiles/cmTryCompileExec3514598460.dir/build.make CMakeFiles/cmTryCompileExec3514598460.dir/build
make[1]: Entering directory `/home/timer/work_git/VaFRIC_data_reader_OpenCV_Eigen/CMakeFiles/CMakeTmp'
/usr/bin/cmake -E cmake_progress_report /home/timer/work_git/VaFRIC_data_reader_OpenCV_Eigen/CMakeFiles/CMakeTmp/CMakeFiles 1
Building C object CMakeFiles/cmTryCompileExec3514598460.dir/src.c.o
/usr/bin/cc   -DOpenMP_FLAG_DETECTED -fopenmp   -o CMakeFiles/cmTryCompileExec3514598460.dir/src.c.o   -c /home/timer/work_git/VaFRIC_data_reader_OpenCV_Eigen/CMakeFiles/CMakeTmp/src.c
Linking C executable cmTryCompileExec3514598460
/usr/bin/cmake -E cmake_link_script CMakeFiles/cmTryCompileExec3514598460.dir/link.txt --verbose=1
/usr/bin/cc   -DOpenMP_FLAG_DETECTED -fopenmp    CMakeFiles/cmTryCompileExec3514598460.dir/src.c.o  -o cmTryCompileExec3514598460 -rdynamic 
make[1]: Leaving directory `/home/timer/work_git/VaFRIC_data_reader_OpenCV_Eigen/CMakeFiles/CMakeTmp'

Source file was:

#include <omp.h>
int main() {
#ifdef _OPENMP
  return 0;
#else
  breaks_on_purpose
#endif
}

Performing C++ SOURCE FILE Test OpenMP_FLAG_DETECTED succeded with the following output:
Change Dir: /home/timer/work_git/VaFRIC_data_reader_OpenCV_Eigen/CMakeFiles/CMakeTmp

Run Build Command:/usr/bin/make "cmTryCompileExec1957374763/fast"
/usr/bin/make -f CMakeFiles/cmTryCompileExec1957374763.dir/build.make CMakeFiles/cmTryCompileExec1957374763.dir/build
make[1]: Entering directory `/home/timer/work_git/VaFRIC_data_reader_OpenCV_Eigen/CMakeFiles/CMakeTmp'
/usr/bin/cmake -E cmake_progress_report /home/timer/work_git/VaFRIC_data_reader_OpenCV_Eigen/CMakeFiles/CMakeTmp/CMakeFiles 1
Building CXX object CMakeFiles/cmTryCompileExec1957374763.dir/src.cxx.o
/usr/bin/c++    -DOpenMP_FLAG_DETECTED -fopenmp   -o CMakeFiles/cmTryCompileExec1957374763.dir/src.cxx.o -c /home/timer/work_git/VaFRIC_data_reader_OpenCV_Eigen/CMakeFiles/CMakeTmp/src.cxx
Linking CXX executable cmTryCompileExec1957374763
/usr/bin/cmake -E cmake_link_script CMakeFiles/cmTryCompileExec1957374763.dir/link.txt --verbose=1
/usr/bin/c++    -DOpenMP_FLAG_DETECTED -fopenmp    CMakeFiles/cmTryCompileExec1957374763.dir/src.cxx.o  -o cmTryCompileExec1957374763 -rdynamic 
make[1]: Leaving directory `/home/timer/work_git/VaFRIC_data_reader_OpenCV_Eigen/CMakeFiles/CMakeTmp'

Source file was:

#include <omp.h>
int main() {
#ifdef _OPENMP
  return 0;
#else
  breaks_on_purpose
#endif
}

Performing C SOURCE FILE Test OpenMP_FLAG_DETECTED succeded with the following output:
Change Dir: /home/timer/work_git/VaFRIC_data_reader_OpenCV_Eigen/CMakeFiles/CMakeTmp

Run Build Command:/usr/bin/make "cmTryCompileExec2956707143/fast"
/usr/bin/make -f CMakeFiles/cmTryCompileExec2956707143.dir/build.make CMakeFiles/cmTryCompileExec2956707143.dir/build
make[1]: Entering directory `/home/timer/work_git/VaFRIC_data_reader_OpenCV_Eigen/CMakeFiles/CMakeTmp'
/usr/bin/cmake -E cmake_progress_report /home/timer/work_git/VaFRIC_data_reader_OpenCV_Eigen/CMakeFiles/CMakeTmp/CMakeFiles 1
Building C object CMakeFiles/cmTryCompileExec2956707143.dir/src.c.o
/usr/bin/cc   -DOpenMP_FLAG_DETECTED -fopenmp   -o CMakeFiles/cmTryCompileExec2956707143.dir/src.c.o   -c /home/timer/work_git/VaFRIC_data_reader_OpenCV_Eigen/CMakeFiles/CMakeTmp/src.c
Linking C executable cmTryCompileExec2956707143
/usr/bin/cmake -E cmake_link_script CMakeFiles/cmTryCompileExec2956707143.dir/link.txt --verbose=1
/usr/bin/cc   -DOpenMP_FLAG_DETECTED -fopenmp    CMakeFiles/cmTryCompileExec2956707143.dir/src.c.o  -o cmTryCompileExec2956707143 -rdynamic 
make[1]: Leaving directory `/home/timer/work_git/VaFRIC_data_reader_OpenCV_Eigen/CMakeFiles/CMakeTmp'

Source file was:

#include <omp.h>
int main() {
#ifdef _OPENMP
  return 0;
#else
  breaks_on_purpose
#endif
}

Performing C++ SOURCE FILE Test OpenMP_FLAG_DETECTED succeded with the following output:
Change Dir: /home/timer/work_git/VaFRIC_data_reader_OpenCV_Eigen/CMakeFiles/CMakeTmp

Run Build Command:/usr/bin/make "cmTryCompileExec669535234/fast"
/usr/bin/make -f CMakeFiles/cmTryCompileExec669535234.dir/build.make CMakeFiles/cmTryCompileExec669535234.dir/build
make[1]: Entering directory `/home/timer/work_git/VaFRIC_data_reader_OpenCV_Eigen/CMakeFiles/CMakeTmp'
/usr/bin/cmake -E cmake_progress_report /home/timer/work_git/VaFRIC_data_reader_OpenCV_Eigen/CMakeFiles/CMakeTmp/CMakeFiles 1
Building CXX object CMakeFiles/cmTryCompileExec669535234.dir/src.cxx.o
/usr/bin/c++    -DOpenMP_FLAG_DETECTED -fopenmp   -o CMakeFiles/cmTryCompileExec669535234.dir/src.cxx.o -c /home/timer/work_git/VaFRIC_data_reader_OpenCV_Eigen/CMakeFiles/CMakeTmp/src.cxx
Linking CXX executable cmTryCompileExec669535234
/usr/bin/cmake -E cmake_link_script CMakeFiles/cmTryCompileExec669535234.dir/link.txt --verbose=1
/usr/bin/c++    -DOpenMP_FLAG_DETECTED -fopenmp    CMakeFiles/cmTryCompileExec669535234.dir/src.cxx.o  -o cmTryCompileExec669535234 -rdynamic 
make[1]: Leaving directory `/home/timer/work_git/VaFRIC_data_reader_OpenCV_Eigen/CMakeFiles/CMakeTmp'

Source file was:

#include <omp.h>
int main() {
#ifdef _OPENMP
  return 0;
#else
  breaks_on_purpose
#endif
}

Performing C SOURCE FILE Test OpenMP_FLAG_DETECTED succeded with the following output:
Change Dir: /home/timer/work_git/VaFRIC_data_reader_OpenCV_Eigen/CMakeFiles/CMakeTmp

Run Build Command:/usr/bin/make "cmTryCompileExec1519940773/fast"
/usr/bin/make -f CMakeFiles/cmTryCompileExec1519940773.dir/build.make CMakeFiles/cmTryCompileExec1519940773.dir/build
make[1]: Entering directory `/home/timer/work_git/VaFRIC_data_reader_OpenCV_Eigen/CMakeFiles/CMakeTmp'
/usr/bin/cmake -E cmake_progress_report /home/timer/work_git/VaFRIC_data_reader_OpenCV_Eigen/CMakeFiles/CMakeTmp/CMakeFiles 1
Building C object CMakeFiles/cmTryCompileExec1519940773.dir/src.c.o
/usr/bin/cc   -DOpenMP_FLAG_DETECTED -fopenmp   -o CMakeFiles/cmTryCompileExec1519940773.dir/src.c.o   -c /home/timer/work_git/VaFRIC_data_reader_OpenCV_Eigen/CMakeFiles/CMakeTmp/src.c
Linking C executable cmTryCompileExec1519940773
/usr/bin/cmake -E cmake_link_script CMakeFiles/cmTryCompileExec1519940773.dir/link.txt --verbose=1
/usr/bin/cc   -DOpenMP_FLAG_DETECTED -fopenmp    CMakeFiles/cmTryCompileExec1519940773.dir/src.c.o  -o cmTryCompileExec1519940773 -rdynamic 
make[1]: Leaving directory `/home/timer/work_git/VaFRIC_data_reader_OpenCV_Eigen/CMakeFiles/CMakeTmp'

Source file was:

#include <omp.h>
int main() {
#ifdef _OPENMP
  return 0;
#else
  breaks_on_purpose
#endif
}

Performing C++ SOURCE FILE Test OpenMP_FLAG_DETECTED succeded with the following output:
Change Dir: /home/timer/work_git/VaFRIC_data_reader_OpenCV_Eigen/CMakeFiles/CMakeTmp

Run Build Command:/usr/bin/make "cmTryCompileExec3900016280/fast"
/usr/bin/make -f CMakeFiles/cmTryCompileExec3900016280.dir/build.make CMakeFiles/cmTryCompileExec3900016280.dir/build
make[1]: Entering directory `/home/timer/work_git/VaFRIC_data_reader_OpenCV_Eigen/CMakeFiles/CMakeTmp'
/usr/bin/cmake -E cmake_progress_report /home/timer/work_git/VaFRIC_data_reader_OpenCV_Eigen/CMakeFiles/CMakeTmp/CMakeFiles 1
Building CXX object CMakeFiles/cmTryCompileExec3900016280.dir/src.cxx.o
/usr/bin/c++    -DOpenMP_FLAG_DETECTED -fopenmp   -o CMakeFiles/cmTryCompileExec3900016280.dir/src.cxx.o -c /home/timer/work_git/VaFRIC_data_reader_OpenCV_Eigen/CMakeFiles/CMakeTmp/src.cxx
Linking CXX executable cmTryCompileExec3900016280
/usr/bin/cmake -E cmake_link_script CMakeFiles/cmTryCompileExec3900016280.dir/link.txt --verbose=1
/usr/bin/c++    -DOpenMP_FLAG_DETECTED -fopenmp    CMakeFiles/cmTryCompileExec3900016280.dir/src.cxx.o  -o cmTryCompileExec3900016280 -rdynamic 
make[1]: Leaving directory `/home/timer/work_git/VaFRIC_data_reader_OpenCV_Eigen/CMakeFiles/CMakeTmp'

Source file was:

#include <omp.h>
int main() {
#ifdef _OPENMP
  return 0;
#else
  breaks_on_purpose
#endif
}

Performing C SOURCE FILE Test OpenMP_FLAG_DETECTED succeded with the following output:
Change Dir: /home/timer/work_git/VaFRIC_data_reader_OpenCV_Eigen/CMakeFiles/CMakeTmp

Run Build Command:/usr/bin/make "cmTryCompileExec1587482781/fast"
/usr/bin/make -f CMakeFiles/cmTryCompileExec1587482781.dir/build.make CMakeFiles/cmTryCompileExec1587482781.dir/build
make[1]: Entering directory `/home/timer/work_git/VaFRIC_data_reader_OpenCV_Eigen/CMakeFiles/CMakeTmp'
/usr/bin/cmake -E cmake_progress_report /home/timer/work_git/VaFRIC_data_reader_OpenCV_Eigen/CMakeFiles/CMakeTmp/CMakeFiles 1
Building C object CMakeFiles/cmTryCompileExec1587482781.dir/src.c.o
/usr/bin/cc   -DOpenMP_FLAG_DETECTED -fopenmp   -o CMakeFiles/cmTryCompileExec1587482781.dir/src.c.o   -c /home/timer/work_git/VaFRIC_data_reader_OpenCV_Eigen/CMakeFiles/CMakeTmp/src.c
Linking C executable cmTryCompileExec1587482781
/usr/bin/cmake -E cmake_link_script CMakeFiles/cmTryCompileExec1587482781.dir/link.txt --verbose=1
/usr/bin/cc   -DOpenMP_FLAG_DETECTED -fopenmp    CMakeFiles/cmTryCompileExec1587482781.dir/src.c.o  -o cmTryCompileExec1587482781 -rdynamic 
make[1]: Leaving directory `/home/timer/work_git/VaFRIC_data_reader_OpenCV_Eigen/CMakeFiles/CMakeTmp'

Source file was:

#include <omp.h>
int main() {
#ifdef _OPENMP
  return 0;
#else
  breaks_on_purpose
#endif
}

Performing C++ SOURCE FILE Test OpenMP_FLAG_DETECTED succeded with the following output:
Change Dir: /home/timer/work_git/VaFRIC_data_reader_OpenCV_Eigen/CMakeFiles/CMakeTmp

Run Build Command:/usr/bin/make "cmTryCompileExec3695187910/fast"
/usr/bin/make -f CMakeFiles/cmTryCompileExec3695187910.dir/build.make CMakeFiles/cmTryCompileExec3695187910.dir/build
make[1]: Entering directory `/home/timer/work_git/VaFRIC_data_reader_OpenCV_Eigen/CMakeFiles/CMakeTmp'
/usr/bin/cmake -E cmake_progress_report /home/timer/work_git/VaFRIC_data_reader_OpenCV_Eigen/CMakeFiles/CMakeTmp/CMakeFiles 1
Building CXX object CMakeFiles/cmTryCompileExec3695187910.dir/src.cxx.o
/usr/bin/c++    -DOpenMP_FLAG_DETECTED -fopenmp   -o CMakeFiles/cmTryCompileExec3695187910.dir/src.cxx.o -c /home/timer/work_git/VaFRIC_data_reader_OpenCV_Eigen/CMakeFiles/CMakeTmp/src.cxx
Linking CXX executable cmTryCompileExec3695187910
/usr/bin/cmake -E cmake_link_script CMakeFiles/cmTryCompileExec3695187910.dir/link.txt --verbose=1
/usr/bin/c++    -DOpenMP_FLAG_DETECTED -fopenmp    CMakeFiles/cmTryCompileExec3695187910.dir/src.cxx.o  -o cmTryCompileExec3695187910 -rdynamic 
make[1]: Leaving directory `/home/timer/work_git/VaFRIC_data_reader_OpenCV_Eigen/CMakeFiles/CMakeTmp'

Source file was:

#include <omp.h>
int main() {
#ifdef _OPENMP
  return 0;
#else
  breaks_on_purpose
#endif
}

Performing C SOURCE FILE Test OpenMP_FLAG_DETECTED succeded with the following output:
Change Dir: /home/timer/work_git/VaFRIC_data_reader_OpenCV_Eigen/CMakeFiles/CMakeTmp

Run Build Command:/usr/bin/make "cmTryCompileExec4282846897/fast"
/usr/bin/make -f CMakeFiles/cmTryCompileExec4282846897.dir/build.make CMakeFiles/cmTryCompileExec4282846897.dir/build
make[1]: Entering directory `/home/timer/work_git/VaFRIC_data_reader_OpenCV_Eigen/CMakeFiles/CMakeTmp'
/usr/bin/cmake -E cmake_progress_report /home/timer/work_git/VaFRIC_data_reader_OpenCV_Eigen/CMakeFiles/CMakeTmp/CMakeFiles 1
Building C object CMakeFiles/cmTryCompileExec4282846897.dir/src.c.o
/usr/bin/cc   -DOpenMP_FLAG_DETECTED -fopenmp   -o CMakeFiles/cmTryCompileExec4282846897.dir/src.c.o   -c /home/timer/work_git/VaFRIC_data_reader_OpenCV_Eigen/CMakeFiles/CMakeTmp/src.c
Linking C executable cmTryCompileExec4282846897
/usr/bin/cmake -E cmake_link_script CMakeFiles/cmTryCompileExec4282846897.dir/link.txt --verbose=1
/usr/bin/cc   -DOpenMP_FLAG_DETECTED -fopenmp    CMakeFiles/cmTryCompileExec4282846897.dir/src.c.o  -o cmTryCompileExec4282846897 -rdynamic 
make[1]: Leaving directory `/home/timer/work_git/VaFRIC_data_reader_OpenCV_Eigen/CMakeFiles/CMakeTmp'

Source file was:

#include <omp.h>
int main() {
#ifdef _OPENMP
  return 0;
#else
  breaks_on_purpose
#endif
}

Performing C++ SOURCE FILE Test OpenMP_FLAG_DETECTED succeded with the following output:
Change Dir: /home/timer/work_git/VaFRIC_data_reader_OpenCV_Eigen/CMakeFiles/CMakeTmp

Run Build Command:/usr/bin/make "cmTryCompileExec1378669864/fast"
/usr/bin/make -f CMakeFiles/cmTryCompileExec1378669864.dir/build.make CMakeFiles/cmTryCompileExec1378669864.dir/build
make[1]: Entering directory `/home/timer/work_git/VaFRIC_data_reader_OpenCV_Eigen/CMakeFiles/CMakeTmp'
/usr/bin/cmake -E cmake_progress_report /home/timer/work_git/VaFRIC_data_reader_OpenCV_Eigen/CMakeFiles/CMakeTmp/CMakeFiles 1
Building CXX object CMakeFiles/cmTryCompileExec1378669864.dir/src.cxx.o
/usr/bin/c++    -DOpenMP_FLAG_DETECTED -fopenmp   -o CMakeFiles/cmTryCompileExec1378669864.dir/src.cxx.o -c /home/timer/work_git/VaFRIC_data_reader_OpenCV_Eigen/CMakeFiles/CMakeTmp/src.cxx
Linking CXX executable cmTryCompileExec1378669864
/usr/bin/cmake -E cmake_link_script CMakeFiles/cmTryCompileExec1378669864.dir/link.txt --verbose=1
/usr/bin/c++    -DOpenMP_FLAG_DETECTED -fopenmp    CMakeFiles/cmTryCompileExec1378669864.dir/src.cxx.o  -o cmTryCompileExec1378669864 -rdynamic 
make[1]: Leaving directory `/home/timer/work_git/VaFRIC_data_reader_OpenCV_Eigen/CMakeFiles/CMakeTmp'

Source file was:

#include <omp.h>
int main() {
#ifdef _OPENMP
  return 0;
#else
  breaks_on_purpose
#endif
}

Performing C SOURCE FILE Test OpenMP_FLAG_DETECTED succeded with the following output:
Change Dir: /home/timer/work_git/VaFRIC_data_reader_OpenCV_Eigen/CMakeFiles/CMakeTmp

Run Build Command:/usr/bin/make "cmTryCompileExec3231423275/fast"
/usr/bin/make -f CMakeFiles/cmTryCompileExec3231423275.dir/build.make CMakeFiles/cmTryCompileExec3231423275.dir/build
make[1]: Entering directory `/home/timer/work_git/VaFRIC_data_reader_OpenCV_Eigen/CMakeFiles/CMakeTmp'
/usr/bin/cmake -E cmake_progress_report /home/timer/work_git/VaFRIC_data_reader_OpenCV_Eigen/CMakeFiles/CMakeTmp/CMakeFiles 1
Building C object CMakeFiles/cmTryCompileExec3231423275.dir/src.c.o
/usr/bin/cc   -DOpenMP_FLAG_DETECTED -fopenmp   -o CMakeFiles/cmTryCompileExec3231423275.dir/src.c.o   -c /home/timer/work_git/VaFRIC_data_reader_OpenCV_Eigen/CMakeFiles/CMakeTmp/src.c
Linking C executable cmTryCompileExec3231423275
/usr/bin/cmake -E cmake_link_script CMakeFiles/cmTryCompileExec3231423275.dir/link.txt --verbose=1
/usr/bin/cc   -DOpenMP_FLAG_DETECTED -fopenmp    CMakeFiles/cmTryCompileExec3231423275.dir/src.c.o  -o cmTryCompileExec3231423275 -rdynamic 
make[1]: Leaving directory `/home/timer/work_git/VaFRIC_data_reader_OpenCV_Eigen/CMakeFiles/CMakeTmp'

Source file was:

#include <omp.h>
int main() {
#ifdef _OPENMP
  return 0;
#else
  breaks_on_purpose
#endif
}

Performing C++ SOURCE FILE Test OpenMP_FLAG_DETECTED succeded with the following output:
Change Dir: /home/timer/work_git/VaFRIC_data_reader_OpenCV_Eigen/CMakeFiles/CMakeTmp

Run Build Command:/usr/bin/make "cmTryCompileExec3853864060/fast"
/usr/bin/make -f CMakeFiles/cmTryCompileExec3853864060.dir/build.make CMakeFiles/cmTryCompileExec3853864060.dir/build
make[1]: Entering directory `/home/timer/work_git/VaFRIC_data_reader_OpenCV_Eigen/CMakeFiles/CMakeTmp'
/usr/bin/cmake -E cmake_progress_report /home/timer/work_git/VaFRIC_data_reader_OpenCV_Eigen/CMakeFiles/CMakeTmp/CMakeFiles 1
Building CXX object CMakeFiles/cmTryCompileExec3853864060.dir/src.cxx.o
/usr/bin/c++    -DOpenMP_FLAG_DETECTED -fopenmp   -o CMakeFiles/cmTryCompileExec3853864060.dir/src.cxx.o -c /home/timer/work_git/VaFRIC_data_reader_OpenCV_Eigen/CMakeFiles/CMakeTmp/src.cxx
Linking CXX executable cmTryCompileExec3853864060
/usr/bin/cmake -E cmake_link_script CMakeFiles/cmTryCompileExec3853864060.dir/link.txt --verbose=1
/usr/bin/c++    -DOpenMP_FLAG_DETECTED -fopenmp    CMakeFiles/cmTryCompileExec3853864060.dir/src.cxx.o  -o cmTryCompileExec3853864060 -rdynamic 
make[1]: Leaving directory `/home/timer/work_git/VaFRIC_data_reader_OpenCV_Eigen/CMakeFiles/CMakeTmp'

Source file was:

#include <omp.h>
int main() {
#ifdef _OPENMP
  return 0;
#else
  breaks_on_purpose
#endif
}

Performing C SOURCE FILE Test OpenMP_FLAG_DETECTED succeded with the following output:
Change Dir: /home/timer/work_git/VaFRIC_data_reader_OpenCV_Eigen/CMakeFiles/CMakeTmp

Run Build Command:/usr/bin/make "cmTryCompileExec534527859/fast"
/usr/bin/make -f CMakeFiles/cmTryCompileExec534527859.dir/build.make CMakeFiles/cmTryCompileExec534527859.dir/build
make[1]: Entering directory `/home/timer/work_git/VaFRIC_data_reader_OpenCV_Eigen/CMakeFiles/CMakeTmp'
/usr/bin/cmake -E cmake_progress_report /home/timer/work_git/VaFRIC_data_reader_OpenCV_Eigen/CMakeFiles/CMakeTmp/CMakeFiles 1
Building C object CMakeFiles/cmTryCompileExec534527859.dir/src.c.o
/usr/bin/cc   -DOpenMP_FLAG_DETECTED -fopenmp   -o CMakeFiles/cmTryCompileExec534527859.dir/src.c.o   -c /home/timer/work_git/VaFRIC_data_reader_OpenCV_Eigen/CMakeFiles/CMakeTmp/src.c
Linking C executable cmTryCompileExec534527859
/usr/bin/cmake -E cmake_link_script CMakeFiles/cmTryCompileExec534527859.dir/link.txt --verbose=1
/usr/bin/cc   -DOpenMP_FLAG_DETECTED -fopenmp    CMakeFiles/cmTryCompileExec534527859.dir/src.c.o  -o cmTryCompileExec534527859 -rdynamic 
make[1]: Leaving directory `/home/timer/work_git/VaFRIC_data_reader_OpenCV_Eigen/CMakeFiles/CMakeTmp'

Source file was:

#include <omp.h>
int main() {
#ifdef _OPENMP
  return 0;
#else
  breaks_on_purpose
#endif
}

Performing C++ SOURCE FILE Test OpenMP_FLAG_DETECTED succeded with the following output:
Change Dir: /home/timer/work_git/VaFRIC_data_reader_OpenCV_Eigen/CMakeFiles/CMakeTmp

Run Build Command:/usr/bin/make "cmTryCompileExec2280259011/fast"
/usr/bin/make -f CMakeFiles/cmTryCompileExec2280259011.dir/build.make CMakeFiles/cmTryCompileExec2280259011.dir/build
make[1]: Entering directory `/home/timer/work_git/VaFRIC_data_reader_OpenCV_Eigen/CMakeFiles/CMakeTmp'
/usr/bin/cmake -E cmake_progress_report /home/timer/work_git/VaFRIC_data_reader_OpenCV_Eigen/CMakeFiles/CMakeTmp/CMakeFiles 1
Building CXX object CMakeFiles/cmTryCompileExec2280259011.dir/src.cxx.o
/usr/bin/c++    -DOpenMP_FLAG_DETECTED -fopenmp   -o CMakeFiles/cmTryCompileExec2280259011.dir/src.cxx.o -c /home/timer/work_git/VaFRIC_data_reader_OpenCV_Eigen/CMakeFiles/CMakeTmp/src.cxx
Linking CXX executable cmTryCompileExec2280259011
/usr/bin/cmake -E cmake_link_script CMakeFiles/cmTryCompileExec2280259011.dir/link.txt --verbose=1
/usr/bin/c++    -DOpenMP_FLAG_DETECTED -fopenmp    CMakeFiles/cmTryCompileExec2280259011.dir/src.cxx.o  -o cmTryCompileExec2280259011 -rdynamic 
make[1]: Leaving directory `/home/timer/work_git/VaFRIC_data_reader_OpenCV_Eigen/CMakeFiles/CMakeTmp'

Source file was:

#include <omp.h>
int main() {
#ifdef _OPENMP
  return 0;
#else
  breaks_on_purpose
#endif
}

Performing C SOURCE FILE Test OpenMP_FLAG_DETECTED succeded with the following output:
Change Dir: /home/timer/work_git/VaFRIC_data_reader_OpenCV_Eigen/CMakeFiles/CMakeTmp

Run Build Command:/usr/bin/make "cmTryCompileExec2101287481/fast"
/usr/bin/make -f CMakeFiles/cmTryCompileExec2101287481.dir/build.make CMakeFiles/cmTryCompileExec2101287481.dir/build
make[1]: Entering directory `/home/timer/work_git/VaFRIC_data_reader_OpenCV_Eigen/CMakeFiles/CMakeTmp'
/usr/bin/cmake -E cmake_progress_report /home/timer/work_git/VaFRIC_data_reader_OpenCV_Eigen/CMakeFiles/CMakeTmp/CMakeFiles 1
Building C object CMakeFiles/cmTryCompileExec2101287481.dir/src.c.o
/usr/bin/cc   -DOpenMP_FLAG_DETECTED -fopenmp   -o CMakeFiles/cmTryCompileExec2101287481.dir/src.c.o   -c /home/timer/work_git/VaFRIC_data_reader_OpenCV_Eigen/CMakeFiles/CMakeTmp/src.c
Linking C executable cmTryCompileExec2101287481
/usr/bin/cmake -E cmake_link_script CMakeFiles/cmTryCompileExec2101287481.dir/link.txt --verbose=1
/usr/bin/cc   -DOpenMP_FLAG_DETECTED -fopenmp    CMakeFiles/cmTryCompileExec2101287481.dir/src.c.o  -o cmTryCompileExec2101287481 -rdynamic 
make[1]: Leaving directory `/home/timer/work_git/VaFRIC_data_reader_OpenCV_Eigen/CMakeFiles/CMakeTmp'

Source file was:

#include <omp.h>
int main() {
#ifdef _OPENMP
  return 0;
#else
  breaks_on_purpose
#endif
}

Performing C++ SOURCE FILE Test OpenMP_FLAG_DETECTED succeded with the following output:
Change Dir: /home/timer/work_git/VaFRIC_data_reader_OpenCV_Eigen/CMakeFiles/CMakeTmp

Run Build Command:/usr/bin/make "cmTryCompileExec3639852600/fast"
/usr/bin/make -f CMakeFiles/cmTryCompileExec3639852600.dir/build.make CMakeFiles/cmTryCompileExec3639852600.dir/build
make[1]: Entering directory `/home/timer/work_git/VaFRIC_data_reader_OpenCV_Eigen/CMakeFiles/CMakeTmp'
/usr/bin/cmake -E cmake_progress_report /home/timer/work_git/VaFRIC_data_reader_OpenCV_Eigen/CMakeFiles/CMakeTmp/CMakeFiles 1
Building CXX object CMakeFiles/cmTryCompileExec3639852600.dir/src.cxx.o
/usr/bin/c++    -DOpenMP_FLAG_DETECTED -fopenmp   -o CMakeFiles/cmTryCompileExec3639852600.dir/src.cxx.o -c /home/timer/work_git/VaFRIC_data_reader_OpenCV_Eigen/CMakeFiles/CMakeTmp/src.cxx
Linking CXX executable cmTryCompileExec3639852600
/usr/bin/cmake -E cmake_link_script CMakeFiles/cmTryCompileExec3639852600.dir/link.txt --verbose=1
/usr/bin/c++    -DOpenMP_FLAG_DETECTED -fopenmp    CMakeFiles/cmTryCompileExec3639852600.dir/src.cxx.o  -o cmTryCompileExec3639852600 -rdynamic 
make[1]: Leaving directory `/home/timer/work_git/VaFRIC_data_reader_OpenCV_Eigen/CMakeFiles/CMakeTmp'

Source file was:

#include <omp.h>
int main() {
#ifdef _OPENMP
  return 0;
#else
  breaks_on_purpose
#endif
}

Performing C SOURCE FILE Test OpenMP_FLAG_DETECTED succeded with the following output:
Change Dir: /home/timer/work_git/VaFRIC_data_reader_OpenCV_Eigen/CMakeFiles/CMakeTmp

Run Build Command:/usr/bin/make "cmTryCompileExec2587703177/fast"
/usr/bin/make -f CMakeFiles/cmTryCompileExec2587703177.dir/build.make CMakeFiles/cmTryCompileExec2587703177.dir/build
make[1]: Entering directory `/home/timer/work_git/VaFRIC_data_reader_OpenCV_Eigen/CMakeFiles/CMakeTmp'
/usr/bin/cmake -E cmake_progress_report /home/timer/work_git/VaFRIC_data_reader_OpenCV_Eigen/CMakeFiles/CMakeTmp/CMakeFiles 1
Building C object CMakeFiles/cmTryCompileExec2587703177.dir/src.c.o
/usr/bin/cc   -DOpenMP_FLAG_DETECTED -fopenmp   -o CMakeFiles/cmTryCompileExec2587703177.dir/src.c.o   -c /home/timer/work_git/VaFRIC_data_reader_OpenCV_Eigen/CMakeFiles/CMakeTmp/src.c
Linking C executable cmTryCompileExec2587703177
/usr/bin/cmake -E cmake_link_script CMakeFiles/cmTryCompileExec2587703177.dir/link.txt --verbose=1
/usr/bin/cc   -DOpenMP_FLAG_DETECTED -fopenmp    CMakeFiles/cmTryCompileExec2587703177.dir/src.c.o  -o cmTryCompileExec2587703177 -rdynamic 
make[1]: Leaving directory `/home/timer/work_git/VaFRIC_data_reader_OpenCV_Eigen/CMakeFiles/CMakeTmp'

Source file was:

#include <omp.h>
int main() {
#ifdef _OPENMP
  return 0;
#else
  breaks_on_purpose
#endif
}

Performing C++ SOURCE FILE Test OpenMP_FLAG_DETECTED succeded with the following output:
Change Dir: /home/timer/work_git/VaFRIC_data_reader_OpenCV_Eigen/CMakeFiles/CMakeTmp

Run Build Command:/usr/bin/make "cmTryCompileExec3541370945/fast"
/usr/bin/make -f CMakeFiles/cmTryCompileExec3541370945.dir/build.make CMakeFiles/cmTryCompileExec3541370945.dir/build
make[1]: Entering directory `/home/timer/work_git/VaFRIC_data_reader_OpenCV_Eigen/CMakeFiles/CMakeTmp'
/usr/bin/cmake -E cmake_progress_report /home/timer/work_git/VaFRIC_data_reader_OpenCV_Eigen/CMakeFiles/CMakeTmp/CMakeFiles 1
Building CXX object CMakeFiles/cmTryCompileExec3541370945.dir/src.cxx.o
/usr/bin/c++    -DOpenMP_FLAG_DETECTED -fopenmp   -o CMakeFiles/cmTryCompileExec3541370945.dir/src.cxx.o -c /home/timer/work_git/VaFRIC_data_reader_OpenCV_Eigen/CMakeFiles/CMakeTmp/src.cxx
Linking CXX executable cmTryCompileExec3541370945
/usr/bin/cmake -E cmake_link_script CMakeFiles/cmTryCompileExec3541370945.dir/link.txt --verbose=1
/usr/bin/c++    -DOpenMP_FLAG_DETECTED -fopenmp    CMakeFiles/cmTryCompileExec3541370945.dir/src.cxx.o  -o cmTryCompileExec3541370945 -rdynamic 
make[1]: Leaving directory `/home/timer/work_git/VaFRIC_data_reader_OpenCV_Eigen/CMakeFiles/CMakeTmp'

Source file was:

#include <omp.h>
int main() {
#ifdef _OPENMP
  return 0;
#else
  breaks_on_purpose
#endif
}

Performing C SOURCE FILE Test OpenMP_FLAG_DETECTED succeded with the following output:
Change Dir: /home/timer/work_git/VaFRIC_data_reader_OpenCV_Eigen/CMakeFiles/CMakeTmp

Run Build Command:/usr/bin/make "cmTryCompileExec1729712235/fast"
/usr/bin/make -f CMakeFiles/cmTryCompileExec1729712235.dir/build.make CMakeFiles/cmTryCompileExec1729712235.dir/build
make[1]: Entering directory `/home/timer/work_git/VaFRIC_data_reader_OpenCV_Eigen/CMakeFiles/CMakeTmp'
/usr/bin/cmake -E cmake_progress_report /home/timer/work_git/VaFRIC_data_reader_OpenCV_Eigen/CMakeFiles/CMakeTmp/CMakeFiles 1
Building C object CMakeFiles/cmTryCompileExec1729712235.dir/src.c.o
/usr/bin/cc   -DOpenMP_FLAG_DETECTED -fopenmp   -o CMakeFiles/cmTryCompileExec1729712235.dir/src.c.o   -c /home/timer/work_git/VaFRIC_data_reader_OpenCV_Eigen/CMakeFiles/CMakeTmp/src.c
Linking C executable cmTryCompileExec1729712235
/usr/bin/cmake -E cmake_link_script CMakeFiles/cmTryCompileExec1729712235.dir/link.txt --verbose=1
/usr/bin/cc   -DOpenMP_FLAG_DETECTED -fopenmp    CMakeFiles/cmTryCompileExec1729712235.dir/src.c.o  -o cmTryCompileExec1729712235 -rdynamic 
make[1]: Leaving directory `/home/timer/work_git/VaFRIC_data_reader_OpenCV_Eigen/CMakeFiles/CMakeTmp'

Source file was:

#include <omp.h>
int main() {
#ifdef _OPENMP
  return 0;
#else
  breaks_on_purpose
#endif
}

Performing C++ SOURCE FILE Test OpenMP_FLAG_DETECTED succeded with the following output:
Change Dir: /home/timer/work_git/VaFRIC_data_reader_OpenCV_Eigen/CMakeFiles/CMakeTmp

Run Build Command:/usr/bin/make "cmTryCompileExec2687883743/fast"
/usr/bin/make -f CMakeFiles/cmTryCompileExec2687883743.dir/build.make CMakeFiles/cmTryCompileExec2687883743.dir/build
make[1]: Entering directory `/home/timer/work_git/VaFRIC_data_reader_OpenCV_Eigen/CMakeFiles/CMakeTmp'
/usr/bin/cmake -E cmake_progress_report /home/timer/work_git/VaFRIC_data_reader_OpenCV_Eigen/CMakeFiles/CMakeTmp/CMakeFiles 1
Building CXX object CMakeFiles/cmTryCompileExec2687883743.dir/src.cxx.o
/usr/bin/c++    -DOpenMP_FLAG_DETECTED -fopenmp   -o CMakeFiles/cmTryCompileExec2687883743.dir/src.cxx.o -c /home/timer/work_git/VaFRIC_data_reader_OpenCV_Eigen/CMakeFiles/CMakeTmp/src.cxx
Linking CXX executable cmTryCompileExec2687883743
/usr/bin/cmake -E cmake_link_script CMakeFiles/cmTryCompileExec2687883743.dir/link.txt --verbose=1
/usr/bin/c++    -DOpenMP_FLAG_DETECTED -fopenmp    CMakeFiles/cmTryCompileExec2687883743.dir/src.cxx.o  -o cmTryCompileExec2687883743 -rdynamic 
make[1]: Leaving directory `/home/timer/work_git/VaFRIC_data_reader_OpenCV_Eigen/CMakeFiles/CMakeTmp'

Source file was:

#include <omp.h>
int main() {
#ifdef _OPENMP
  return 0;
#else
  breaks_on_purpose
#endif
}

Performing C SOURCE FILE Test OpenMP_FLAG_DETECTED succeded with the following output:
Change Dir: /home/timer/work_git/VaFRIC_data_reader_OpenCV_Eigen/CMakeFiles/CMakeTmp

Run Build Command:/usr/bin/make "cmTryCompileExec2319631950/fast"
/usr/bin/make -f CMakeFiles/cmTryCompileExec2319631950.dir/build.make CMakeFiles/cmTryCompileExec2319631950.dir/build
make[1]: Entering directory `/home/timer/work_git/VaFRIC_data_reader_OpenCV_Eigen/CMakeFiles/CMakeTmp'
/usr/bin/cmake -E cmake_progress_report /home/timer/work_git/VaFRIC_data_reader_OpenCV_Eigen/CMakeFiles/CMakeTmp/CMakeFiles 1
Building C object CMakeFiles/cmTryCompileExec2319631950.dir/src.c.o
/usr/bin/cc   -DOpenMP_FLAG_DETECTED -fopenmp   -o CMakeFiles/cmTryCompileExec2319631950.dir/src.c.o   -c /home/timer/work_git/VaFRIC_data_reader_OpenCV_Eigen/CMakeFiles/CMakeTmp/src.c
Linking C executable cmTryCompileExec2319631950
/usr/bin/cmake -E cmake_link_script CMakeFiles/cmTryCompileExec2319631950.dir/link.txt --verbose=1
/usr/bin/cc   -DOpenMP_FLAG_DETECTED -fopenmp    CMakeFiles/cmTryCompileExec2319631950.dir/src.c.o  -o cmTryCompileExec2319631950 -rdynamic 
make[1]: Leaving directory `/home/timer/work_git/VaFRIC_data_reader_OpenCV_Eigen/CMakeFiles/CMakeTmp'

Source file was:

#include <omp.h>
int main() {
#ifdef _OPENMP
  return 0;
#else
  breaks_on_purpose
#endif
}

Performing C++ SOURCE FILE Test OpenMP_FLAG_DETECTED succeded with the following output:
Change Dir: /home/timer/work_git/VaFRIC_data_reader_OpenCV_Eigen/CMakeFiles/CMakeTmp

Run Build Command:/usr/bin/make "cmTryCompileExec1964024334/fast"
/usr/bin/make -f CMakeFiles/cmTryCompileExec1964024334.dir/build.make CMakeFiles/cmTryCompileExec1964024334.dir/build
make[1]: Entering directory `/home/timer/work_git/VaFRIC_data_reader_OpenCV_Eigen/CMakeFiles/CMakeTmp'
/usr/bin/cmake -E cmake_progress_report /home/timer/work_git/VaFRIC_data_reader_OpenCV_Eigen/CMakeFiles/CMakeTmp/CMakeFiles 1
Building CXX object CMakeFiles/cmTryCompileExec1964024334.dir/src.cxx.o
/usr/bin/c++    -DOpenMP_FLAG_DETECTED -fopenmp   -o CMakeFiles/cmTryCompileExec1964024334.dir/src.cxx.o -c /home/timer/work_git/VaFRIC_data_reader_OpenCV_Eigen/CMakeFiles/CMakeTmp/src.cxx
Linking CXX executable cmTryCompileExec1964024334
/usr/bin/cmake -E cmake_link_script CMakeFiles/cmTryCompileExec1964024334.dir/link.txt --verbose=1
/usr/bin/c++    -DOpenMP_FLAG_DETECTED -fopenmp    CMakeFiles/cmTryCompileExec1964024334.dir/src.cxx.o  -o cmTryCompileExec1964024334 -rdynamic 
make[1]: Leaving directory `/home/timer/work_git/VaFRIC_data_reader_OpenCV_Eigen/CMakeFiles/CMakeTmp'

Source file was:

#include <omp.h>
int main() {
#ifdef _OPENMP
  return 0;
#else
  breaks_on_purpose
#endif
}

Performing C SOURCE FILE Test OpenMP_FLAG_DETECTED succeded with the following output:
Change Dir: /home/timer/work_git/VaFRIC_data_reader_OpenCV_Eigen/CMakeFiles/CMakeTmp

Run Build Command:/usr/bin/make "cmTryCompileExec2563198257/fast"
/usr/bin/make -f CMakeFiles/cmTryCompileExec2563198257.dir/build.make CMakeFiles/cmTryCompileExec2563198257.dir/build
make[1]: Entering directory `/home/timer/work_git/VaFRIC_data_reader_OpenCV_Eigen/CMakeFiles/CMakeTmp'
/usr/bin/cmake -E cmake_progress_report /home/timer/work_git/VaFRIC_data_reader_OpenCV_Eigen/CMakeFiles/CMakeTmp/CMakeFiles 1
Building C object CMakeFiles/cmTryCompileExec2563198257.dir/src.c.o
/usr/bin/cc   -DOpenMP_FLAG_DETECTED -fopenmp   -o CMakeFiles/cmTryCompileExec2563198257.dir/src.c.o   -c /home/timer/work_git/VaFRIC_data_reader_OpenCV_Eigen/CMakeFiles/CMakeTmp/src.c
Linking C executable cmTryCompileExec2563198257
/usr/bin/cmake -E cmake_link_script CMakeFiles/cmTryCompileExec2563198257.dir/link.txt --verbose=1
/usr/bin/cc   -DOpenMP_FLAG_DETECTED -fopenmp    CMakeFiles/cmTryCompileExec2563198257.dir/src.c.o  -o cmTryCompileExec2563198257 -rdynamic 
make[1]: Leaving directory `/home/timer/work_git/VaFRIC_data_reader_OpenCV_Eigen/CMakeFiles/CMakeTmp'

Source file was:

#include <omp.h>
int main() {
#ifdef _OPENMP
  return 0;
#else
  breaks_on_purpose
#endif
}

Performing C++ SOURCE FILE Test OpenMP_FLAG_DETECTED succeded with the following output:
Change Dir: /home/timer/work_git/VaFRIC_data_reader_OpenCV_Eigen/CMakeFiles/CMakeTmp

Run Build Command:/usr/bin/make "cmTryCompileExec2411860765/fast"
/usr/bin/make -f CMakeFiles/cmTryCompileExec2411860765.dir/build.make CMakeFiles/cmTryCompileExec2411860765.dir/build
make[1]: Entering directory `/home/timer/work_git/VaFRIC_data_reader_OpenCV_Eigen/CMakeFiles/CMakeTmp'
/usr/bin/cmake -E cmake_progress_report /home/timer/work_git/VaFRIC_data_reader_OpenCV_Eigen/CMakeFiles/CMakeTmp/CMakeFiles 1
Building CXX object CMakeFiles/cmTryCompileExec2411860765.dir/src.cxx.o
/usr/bin/c++    -DOpenMP_FLAG_DETECTED -fopenmp   -o CMakeFiles/cmTryCompileExec2411860765.dir/src.cxx.o -c /home/timer/work_git/VaFRIC_data_reader_OpenCV_Eigen/CMakeFiles/CMakeTmp/src.cxx
Linking CXX executable cmTryCompileExec2411860765
/usr/bin/cmake -E cmake_link_script CMakeFiles/cmTryCompileExec2411860765.dir/link.txt --verbose=1
/usr/bin/c++    -DOpenMP_FLAG_DETECTED -fopenmp    CMakeFiles/cmTryCompileExec2411860765.dir/src.cxx.o  -o cmTryCompileExec2411860765 -rdynamic 
make[1]: Leaving directory `/home/timer/work_git/VaFRIC_data_reader_OpenCV_Eigen/CMakeFiles/CMakeTmp'

Source file was:

#include <omp.h>
int main() {
#ifdef _OPENMP
  return 0;
#else
  breaks_on_purpose
#endif
}

Performing C SOURCE FILE Test OpenMP_FLAG_DETECTED succeded with the following output:
Change Dir: /home/timer/work_git/VaFRIC_data_reader_OpenCV_Eigen/CMakeFiles/CMakeTmp

Run Build Command:/usr/bin/make "cmTryCompileExec1391557502/fast"
/usr/bin/make -f CMakeFiles/cmTryCompileExec1391557502.dir/build.make CMakeFiles/cmTryCompileExec1391557502.dir/build
make[1]: Entering directory `/home/timer/work_git/VaFRIC_data_reader_OpenCV_Eigen/CMakeFiles/CMakeTmp'
/usr/bin/cmake -E cmake_progress_report /home/timer/work_git/VaFRIC_data_reader_OpenCV_Eigen/CMakeFiles/CMakeTmp/CMakeFiles 1
Building C object CMakeFiles/cmTryCompileExec1391557502.dir/src.c.o
/usr/bin/cc   -DOpenMP_FLAG_DETECTED -fopenmp   -o CMakeFiles/cmTryCompileExec1391557502.dir/src.c.o   -c /home/timer/work_git/VaFRIC_data_reader_OpenCV_Eigen/CMakeFiles/CMakeTmp/src.c
Linking C executable cmTryCompileExec1391557502
/usr/bin/cmake -E cmake_link_script CMakeFiles/cmTryCompileExec1391557502.dir/link.txt --verbose=1
/usr/bin/cc   -DOpenMP_FLAG_DETECTED -fopenmp    CMakeFiles/cmTryCompileExec1391557502.dir/src.c.o  -o cmTryCompileExec1391557502 -rdynamic 
make[1]: Leaving directory `/home/timer/work_git/VaFRIC_data_reader_OpenCV_Eigen/CMakeFiles/CMakeTmp'

Source file was:

#include <omp.h>
int main() {
#ifdef _OPENMP
  return 0;
#else
  breaks_on_purpose
#endif
}

Performing C++ SOURCE FILE Test OpenMP_FLAG_DETECTED succeded with the following output:
Change Dir: /home/timer/work_git/VaFRIC_data_reader_OpenCV_Eigen/CMakeFiles/CMakeTmp

Run Build Command:/usr/bin/make "cmTryCompileExec519513318/fast"
/usr/bin/make -f CMakeFiles/cmTryCompileExec519513318.dir/build.make CMakeFiles/cmTryCompileExec519513318.dir/build
make[1]: Entering directory `/home/timer/work_git/VaFRIC_data_reader_OpenCV_Eigen/CMakeFiles/CMakeTmp'
/usr/bin/cmake -E cmake_progress_report /home/timer/work_git/VaFRIC_data_reader_OpenCV_Eigen/CMakeFiles/CMakeTmp/CMakeFiles 1
Building CXX object CMakeFiles/cmTryCompileExec519513318.dir/src.cxx.o
/usr/bin/c++    -DOpenMP_FLAG_DETECTED -fopenmp   -o CMakeFiles/cmTryCompileExec519513318.dir/src.cxx.o -c /home/timer/work_git/VaFRIC_data_reader_OpenCV_Eigen/CMakeFiles/CMakeTmp/src.cxx
Linking CXX executable cmTryCompileExec519513318
/usr/bin/cmake -E cmake_link_script CMakeFiles/cmTryCompileExec519513318.dir/link.txt --verbose=1
/usr/bin/c++    -DOpenMP_FLAG_DETECTED -fopenmp    CMakeFiles/cmTryCompileExec519513318.dir/src.cxx.o  -o cmTryCompileExec519513318 -rdynamic 
make[1]: Leaving directory `/home/timer/work_git/VaFRIC_data_reader_OpenCV_Eigen/CMakeFiles/CMakeTmp'

Source file was:

#include <omp.h>
int main() {
#ifdef _OPENMP
  return 0;
#else
  breaks_on_purpose
#endif
}

Performing C SOURCE FILE Test OpenMP_FLAG_DETECTED succeded with the following output:
Change Dir: /home/timer/work_git/VaFRIC_data_reader_OpenCV_Eigen/CMakeFiles/CMakeTmp

Run Build Command:/usr/bin/make "cmTryCompileExec2474534388/fast"
/usr/bin/make -f CMakeFiles/cmTryCompileExec2474534388.dir/build.make CMakeFiles/cmTryCompileExec2474534388.dir/build
make[1]: Entering directory `/home/timer/work_git/VaFRIC_data_reader_OpenCV_Eigen/CMakeFiles/CMakeTmp'
/usr/bin/cmake -E cmake_progress_report /home/timer/work_git/VaFRIC_data_reader_OpenCV_Eigen/CMakeFiles/CMakeTmp/CMakeFiles 1
Building C object CMakeFiles/cmTryCompileExec2474534388.dir/src.c.o
/usr/bin/cc   -DOpenMP_FLAG_DETECTED -fopenmp   -o CMakeFiles/cmTryCompileExec2474534388.dir/src.c.o   -c /home/timer/work_git/VaFRIC_data_reader_OpenCV_Eigen/CMakeFiles/CMakeTmp/src.c
Linking C executable cmTryCompileExec2474534388
/usr/bin/cmake -E cmake_link_script CMakeFiles/cmTryCompileExec2474534388.dir/link.txt --verbose=1
/usr/bin/cc   -DOpenMP_FLAG_DETECTED -fopenmp    CMakeFiles/cmTryCompileExec2474534388.dir/src.c.o  -o cmTryCompileExec2474534388 -rdynamic 
make[1]: Leaving directory `/home/timer/work_git/VaFRIC_data_reader_OpenCV_Eigen/CMakeFiles/CMakeTmp'

Source file was:

#include <omp.h>
int main() {
#ifdef _OPENMP
  return 0;
#else
  breaks_on_purpose
#endif
}

Performing C++ SOURCE FILE Test OpenMP_FLAG_DETECTED succeded with the following output:
Change Dir: /home/timer/work_git/VaFRIC_data_reader_OpenCV_Eigen/CMakeFiles/CMakeTmp

Run Build Command:/usr/bin/make "cmTryCompileExec455123984/fast"
/usr/bin/make -f CMakeFiles/cmTryCompileExec455123984.dir/build.make CMakeFiles/cmTryCompileExec455123984.dir/build
make[1]: Entering directory `/home/timer/work_git/VaFRIC_data_reader_OpenCV_Eigen/CMakeFiles/CMakeTmp'
/usr/bin/cmake -E cmake_progress_report /home/timer/work_git/VaFRIC_data_reader_OpenCV_Eigen/CMakeFiles/CMakeTmp/CMakeFiles 1
Building CXX object CMakeFiles/cmTryCompileExec455123984.dir/src.cxx.o
/usr/bin/c++    -DOpenMP_FLAG_DETECTED -fopenmp   -o CMakeFiles/cmTryCompileExec455123984.dir/src.cxx.o -c /home/timer/work_git/VaFRIC_data_reader_OpenCV_Eigen/CMakeFiles/CMakeTmp/src.cxx
Linking CXX executable cmTryCompileExec455123984
/usr/bin/cmake -E cmake_link_script CMakeFiles/cmTryCompileExec455123984.dir/link.txt --verbose=1
/usr/bin/c++    -DOpenMP_FLAG_DETECTED -fopenmp    CMakeFiles/cmTryCompileExec455123984.dir/src.cxx.o  -o cmTryCompileExec455123984 -rdynamic 
make[1]: Leaving directory `/home/timer/work_git/VaFRIC_data_reader_OpenCV_Eigen/CMakeFiles/CMakeTmp'

Source file was:

#include <omp.h>
int main() {
#ifdef _OPENMP
  return 0;
#else
  breaks_on_purpose
#endif
}

Performing C SOURCE FILE Test OpenMP_FLAG_DETECTED succeded with the following output:
Change Dir: /home/timer/work_git/VaFRIC_data_reader_OpenCV_Eigen/CMakeFiles/CMakeTmp

Run Build Command:/usr/bin/make "cmTryCompileExec1781531592/fast"
/usr/bin/make -f CMakeFiles/cmTryCompileExec1781531592.dir/build.make CMakeFiles/cmTryCompileExec1781531592.dir/build
make[1]: Entering directory `/home/timer/work_git/VaFRIC_data_reader_OpenCV_Eigen/CMakeFiles/CMakeTmp'
/usr/bin/cmake -E cmake_progress_report /home/timer/work_git/VaFRIC_data_reader_OpenCV_Eigen/CMakeFiles/CMakeTmp/CMakeFiles 1
Building C object CMakeFiles/cmTryCompileExec1781531592.dir/src.c.o
/usr/bin/cc   -DOpenMP_FLAG_DETECTED -fopenmp   -o CMakeFiles/cmTryCompileExec1781531592.dir/src.c.o   -c /home/timer/work_git/VaFRIC_data_reader_OpenCV_Eigen/CMakeFiles/CMakeTmp/src.c
Linking C executable cmTryCompileExec1781531592
/usr/bin/cmake -E cmake_link_script CMakeFiles/cmTryCompileExec1781531592.dir/link.txt --verbose=1
/usr/bin/cc   -DOpenMP_FLAG_DETECTED -fopenmp    CMakeFiles/cmTryCompileExec1781531592.dir/src.c.o  -o cmTryCompileExec1781531592 -rdynamic 
make[1]: Leaving directory `/home/timer/work_git/VaFRIC_data_reader_OpenCV_Eigen/CMakeFiles/CMakeTmp'

Source file was:

#include <omp.h>
int main() {
#ifdef _OPENMP
  return 0;
#else
  breaks_on_purpose
#endif
}

Performing C++ SOURCE FILE Test OpenMP_FLAG_DETECTED succeded with the following output:
Change Dir: /home/timer/work_git/VaFRIC_data_reader_OpenCV_Eigen/CMakeFiles/CMakeTmp

Run Build Command:/usr/bin/make "cmTryCompileExec1491384061/fast"
/usr/bin/make -f CMakeFiles/cmTryCompileExec1491384061.dir/build.make CMakeFiles/cmTryCompileExec1491384061.dir/build
make[1]: Entering directory `/home/timer/work_git/VaFRIC_data_reader_OpenCV_Eigen/CMakeFiles/CMakeTmp'
/usr/bin/cmake -E cmake_progress_report /home/timer/work_git/VaFRIC_data_reader_OpenCV_Eigen/CMakeFiles/CMakeTmp/CMakeFiles 1
Building CXX object CMakeFiles/cmTryCompileExec1491384061.dir/src.cxx.o
/usr/bin/c++    -DOpenMP_FLAG_DETECTED -fopenmp   -o CMakeFiles/cmTryCompileExec1491384061.dir/src.cxx.o -c /home/timer/work_git/VaFRIC_data_reader_OpenCV_Eigen/CMakeFiles/CMakeTmp/src.cxx
Linking CXX executable cmTryCompileExec1491384061
/usr/bin/cmake -E cmake_link_script CMakeFiles/cmTryCompileExec1491384061.dir/link.txt --verbose=1
/usr/bin/c++    -DOpenMP_FLAG_DETECTED -fopenmp    CMakeFiles/cmTryCompileExec1491384061.dir/src.cxx.o  -o cmTryCompileExec1491384061 -rdynamic 
make[1]: Leaving directory `/home/timer/work_git/VaFRIC_data_reader_OpenCV_Eigen/CMakeFiles/CMakeTmp'

Source file was:

#include <omp.h>
int main() {
#ifdef _OPENMP
  return 0;
#else
  breaks_on_purpose
#endif
}

Performing C SOURCE FILE Test OpenMP_FLAG_DETECTED succeded with the following output:
Change Dir: /home/timer/work_git/VaFRIC_data_reader_OpenCV_Eigen/CMakeFiles/CMakeTmp

Run Build Command:/usr/bin/make "cmTryCompileExec68262617/fast"
/usr/bin/make -f CMakeFiles/cmTryCompileExec68262617.dir/build.make CMakeFiles/cmTryCompileExec68262617.dir/build
make[1]: Entering directory `/home/timer/work_git/VaFRIC_data_reader_OpenCV_Eigen/CMakeFiles/CMakeTmp'
/usr/bin/cmake -E cmake_progress_report /home/timer/work_git/VaFRIC_data_reader_OpenCV_Eigen/CMakeFiles/CMakeTmp/CMakeFiles 1
Building C object CMakeFiles/cmTryCompileExec68262617.dir/src.c.o
/usr/bin/cc   -DOpenMP_FLAG_DETECTED -fopenmp   -o CMakeFiles/cmTryCompileExec68262617.dir/src.c.o   -c /home/timer/work_git/VaFRIC_data_reader_OpenCV_Eigen/CMakeFiles/CMakeTmp/src.c
Linking C executable cmTryCompileExec68262617
/usr/bin/cmake -E cmake_link_script CMakeFiles/cmTryCompileExec68262617.dir/link.txt --verbose=1
/usr/bin/cc   -DOpenMP_FLAG_DETECTED -fopenmp    CMakeFiles/cmTryCompileExec68262617.dir/src.c.o  -o cmTryCompileExec68262617 -rdynamic 
make[1]: Leaving directory `/home/timer/work_git/VaFRIC_data_reader_OpenCV_Eigen/CMakeFiles/CMakeTmp'

Source file was:

#include <omp.h>
int main() {
#ifdef _OPENMP
  return 0;
#else
  breaks_on_purpose
#endif
}

Performing C++ SOURCE FILE Test OpenMP_FLAG_DETECTED succeded with the following output:
Change Dir: /home/timer/work_git/VaFRIC_data_reader_OpenCV_Eigen/CMakeFiles/CMakeTmp

Run Build Command:/usr/bin/make "cmTryCompileExec1623070325/fast"
/usr/bin/make -f CMakeFiles/cmTryCompileExec1623070325.dir/build.make CMakeFiles/cmTryCompileExec1623070325.dir/build
make[1]: Entering directory `/home/timer/work_git/VaFRIC_data_reader_OpenCV_Eigen/CMakeFiles/CMakeTmp'
/usr/bin/cmake -E cmake_progress_report /home/timer/work_git/VaFRIC_data_reader_OpenCV_Eigen/CMakeFiles/CMakeTmp/CMakeFiles 1
Building CXX object CMakeFiles/cmTryCompileExec1623070325.dir/src.cxx.o
/usr/bin/c++    -DOpenMP_FLAG_DETECTED -fopenmp   -o CMakeFiles/cmTryCompileExec1623070325.dir/src.cxx.o -c /home/timer/work_git/VaFRIC_data_reader_OpenCV_Eigen/CMakeFiles/CMakeTmp/src.cxx
Linking CXX executable cmTryCompileExec1623070325
/usr/bin/cmake -E cmake_link_script CMakeFiles/cmTryCompileExec1623070325.dir/link.txt --verbose=1
/usr/bin/c++    -DOpenMP_FLAG_DETECTED -fopenmp    CMakeFiles/cmTryCompileExec1623070325.dir/src.cxx.o  -o cmTryCompileExec1623070325 -rdynamic 
make[1]: Leaving directory `/home/timer/work_git/VaFRIC_data_reader_OpenCV_Eigen/CMakeFiles/CMakeTmp'

Source file was:

#include <omp.h>
int main() {
#ifdef _OPENMP
  return 0;
#else
  breaks_on_purpose
#endif
}

Performing C SOURCE FILE Test OpenMP_FLAG_DETECTED succeded with the following output:
Change Dir: /home/timer/work_git/VaFRIC_data_reader_OpenCV_Eigen/CMakeFiles/CMakeTmp

Run Build Command:/usr/bin/make "cmTryCompileExec2344141665/fast"
/usr/bin/make -f CMakeFiles/cmTryCompileExec2344141665.dir/build.make CMakeFiles/cmTryCompileExec2344141665.dir/build
make[1]: Entering directory `/home/timer/work_git/VaFRIC_data_reader_OpenCV_Eigen/CMakeFiles/CMakeTmp'
/usr/bin/cmake -E cmake_progress_report /home/timer/work_git/VaFRIC_data_reader_OpenCV_Eigen/CMakeFiles/CMakeTmp/CMakeFiles 1
Building C object CMakeFiles/cmTryCompileExec2344141665.dir/src.c.o
/usr/bin/cc   -DOpenMP_FLAG_DETECTED -fopenmp   -o CMakeFiles/cmTryCompileExec2344141665.dir/src.c.o   -c /home/timer/work_git/VaFRIC_data_reader_OpenCV_Eigen/CMakeFiles/CMakeTmp/src.c
Linking C executable cmTryCompileExec2344141665
/usr/bin/cmake -E cmake_link_script CMakeFiles/cmTryCompileExec2344141665.dir/link.txt --verbose=1
/usr/bin/cc   -DOpenMP_FLAG_DETECTED -fopenmp    CMakeFiles/cmTryCompileExec2344141665.dir/src.c.o  -o cmTryCompileExec2344141665 -rdynamic 
make[1]: Leaving directory `/home/timer/work_git/VaFRIC_data_reader_OpenCV_Eigen/CMakeFiles/CMakeTmp'

Source file was:

#include <omp.h>
int main() {
#ifdef _OPENMP
  return 0;
#else
  breaks_on_purpose
#endif
}

Performing C++ SOURCE FILE Test OpenMP_FLAG_DETECTED succeded with the following output:
Change Dir: /home/timer/work_git/VaFRIC_data_reader_OpenCV_Eigen/CMakeFiles/CMakeTmp

Run Build Command:/usr/bin/make "cmTryCompileExec2424968936/fast"
/usr/bin/make -f CMakeFiles/cmTryCompileExec2424968936.dir/build.make CMakeFiles/cmTryCompileExec2424968936.dir/build
make[1]: Entering directory `/home/timer/work_git/VaFRIC_data_reader_OpenCV_Eigen/CMakeFiles/CMakeTmp'
/usr/bin/cmake -E cmake_progress_report /home/timer/work_git/VaFRIC_data_reader_OpenCV_Eigen/CMakeFiles/CMakeTmp/CMakeFiles 1
Building CXX object CMakeFiles/cmTryCompileExec2424968936.dir/src.cxx.o
/usr/bin/c++    -DOpenMP_FLAG_DETECTED -fopenmp   -o CMakeFiles/cmTryCompileExec2424968936.dir/src.cxx.o -c /home/timer/work_git/VaFRIC_data_reader_OpenCV_Eigen/CMakeFiles/CMakeTmp/src.cxx
Linking CXX executable cmTryCompileExec2424968936
/usr/bin/cmake -E cmake_link_script CMakeFiles/cmTryCompileExec2424968936.dir/link.txt --verbose=1
/usr/bin/c++    -DOpenMP_FLAG_DETECTED -fopenmp    CMakeFiles/cmTryCompileExec2424968936.dir/src.cxx.o  -o cmTryCompileExec2424968936 -rdynamic 
make[1]: Leaving directory `/home/timer/work_git/VaFRIC_data_reader_OpenCV_Eigen/CMakeFiles/CMakeTmp'

Source file was:

#include <omp.h>
int main() {
#ifdef _OPENMP
  return 0;
#else
  breaks_on_purpose
#endif
}

Performing C SOURCE FILE Test OpenMP_FLAG_DETECTED succeded with the following output:
Change Dir: /home/timer/work_git/VaFRIC_data_reader_OpenCV_Eigen/CMakeFiles/CMakeTmp

Run Build Command:/usr/bin/make "cmTryCompileExec3356379910/fast"
/usr/bin/make -f CMakeFiles/cmTryCompileExec3356379910.dir/build.make CMakeFiles/cmTryCompileExec3356379910.dir/build
make[1]: Entering directory `/home/timer/work_git/VaFRIC_data_reader_OpenCV_Eigen/CMakeFiles/CMakeTmp'
/usr/bin/cmake -E cmake_progress_report /home/timer/work_git/VaFRIC_data_reader_OpenCV_Eigen/CMakeFiles/CMakeTmp/CMakeFiles 1
Building C object CMakeFiles/cmTryCompileExec3356379910.dir/src.c.o
/usr/bin/cc   -DOpenMP_FLAG_DETECTED -fopenmp   -o CMakeFiles/cmTryCompileExec3356379910.dir/src.c.o   -c /home/timer/work_git/VaFRIC_data_reader_OpenCV_Eigen/CMakeFiles/CMakeTmp/src.c
Linking C executable cmTryCompileExec3356379910
/usr/bin/cmake -E cmake_link_script CMakeFiles/cmTryCompileExec3356379910.dir/link.txt --verbose=1
/usr/bin/cc   -DOpenMP_FLAG_DETECTED -fopenmp    CMakeFiles/cmTryCompileExec3356379910.dir/src.c.o  -o cmTryCompileExec3356379910 -rdynamic 
make[1]: Leaving directory `/home/timer/work_git/VaFRIC_data_reader_OpenCV_Eigen/CMakeFiles/CMakeTmp'

Source file was:

#include <omp.h>
int main() {
#ifdef _OPENMP
  return 0;
#else
  breaks_on_purpose
#endif
}

Performing C++ SOURCE FILE Test OpenMP_FLAG_DETECTED succeded with the following output:
Change Dir: /home/timer/work_git/VaFRIC_data_reader_OpenCV_Eigen/CMakeFiles/CMakeTmp

Run Build Command:/usr/bin/make "cmTryCompileExec1497898783/fast"
/usr/bin/make -f CMakeFiles/cmTryCompileExec1497898783.dir/build.make CMakeFiles/cmTryCompileExec1497898783.dir/build
make[1]: Entering directory `/home/timer/work_git/VaFRIC_data_reader_OpenCV_Eigen/CMakeFiles/CMakeTmp'
/usr/bin/cmake -E cmake_progress_report /home/timer/work_git/VaFRIC_data_reader_OpenCV_Eigen/CMakeFiles/CMakeTmp/CMakeFiles 1
Building CXX object CMakeFiles/cmTryCompileExec1497898783.dir/src.cxx.o
/usr/bin/c++    -DOpenMP_FLAG_DETECTED -fopenmp   -o CMakeFiles/cmTryCompileExec1497898783.dir/src.cxx.o -c /home/timer/work_git/VaFRIC_data_reader_OpenCV_Eigen/CMakeFiles/CMakeTmp/src.cxx
Linking CXX executable cmTryCompileExec1497898783
/usr/bin/cmake -E cmake_link_script CMakeFiles/cmTryCompileExec1497898783.dir/link.txt --verbose=1
/usr/bin/c++    -DOpenMP_FLAG_DETECTED -fopenmp    CMakeFiles/cmTryCompileExec1497898783.dir/src.cxx.o  -o cmTryCompileExec1497898783 -rdynamic 
make[1]: Leaving directory `/home/timer/work_git/VaFRIC_data_reader_OpenCV_Eigen/CMakeFiles/CMakeTmp'

Source file was:

#include <omp.h>
int main() {
#ifdef _OPENMP
  return 0;
#else
  breaks_on_purpose
#endif
}

Performing C SOURCE FILE Test OpenMP_FLAG_DETECTED succeded with the following output:
Change Dir: /home/timer/work_git/VaFRIC_data_reader_OpenCV_Eigen/CMakeFiles/CMakeTmp

Run Build Command:/usr/bin/make "cmTryCompileExec1880921488/fast"
/usr/bin/make -f CMakeFiles/cmTryCompileExec1880921488.dir/build.make CMakeFiles/cmTryCompileExec1880921488.dir/build
make[1]: Entering directory `/home/timer/work_git/VaFRIC_data_reader_OpenCV_Eigen/CMakeFiles/CMakeTmp'
/usr/bin/cmake -E cmake_progress_report /home/timer/work_git/VaFRIC_data_reader_OpenCV_Eigen/CMakeFiles/CMakeTmp/CMakeFiles 1
Building C object CMakeFiles/cmTryCompileExec1880921488.dir/src.c.o
/usr/bin/cc   -DOpenMP_FLAG_DETECTED -fopenmp   -o CMakeFiles/cmTryCompileExec1880921488.dir/src.c.o   -c /home/timer/work_git/VaFRIC_data_reader_OpenCV_Eigen/CMakeFiles/CMakeTmp/src.c
Linking C executable cmTryCompileExec1880921488
/usr/bin/cmake -E cmake_link_script CMakeFiles/cmTryCompileExec1880921488.dir/link.txt --verbose=1
/usr/bin/cc   -DOpenMP_FLAG_DETECTED -fopenmp    CMakeFiles/cmTryCompileExec1880921488.dir/src.c.o  -o cmTryCompileExec1880921488 -rdynamic 
make[1]: Leaving directory `/home/timer/work_git/VaFRIC_data_reader_OpenCV_Eigen/CMakeFiles/CMakeTmp'

Source file was:

#include <omp.h>
int main() {
#ifdef _OPENMP
  return 0;
#else
  breaks_on_purpose
#endif
}

Performing C++ SOURCE FILE Test OpenMP_FLAG_DETECTED succeded with the following output:
Change Dir: /home/timer/work_git/VaFRIC_data_reader_OpenCV_Eigen/CMakeFiles/CMakeTmp

Run Build Command:/usr/bin/make "cmTryCompileExec3917921907/fast"
/usr/bin/make -f CMakeFiles/cmTryCompileExec3917921907.dir/build.make CMakeFiles/cmTryCompileExec3917921907.dir/build
make[1]: Entering directory `/home/timer/work_git/VaFRIC_data_reader_OpenCV_Eigen/CMakeFiles/CMakeTmp'
/usr/bin/cmake -E cmake_progress_report /home/timer/work_git/VaFRIC_data_reader_OpenCV_Eigen/CMakeFiles/CMakeTmp/CMakeFiles 1
Building CXX object CMakeFiles/cmTryCompileExec3917921907.dir/src.cxx.o
/usr/bin/c++    -DOpenMP_FLAG_DETECTED -fopenmp   -o CMakeFiles/cmTryCompileExec3917921907.dir/src.cxx.o -c /home/timer/work_git/VaFRIC_data_reader_OpenCV_Eigen/CMakeFiles/CMakeTmp/src.cxx
Linking CXX executable cmTryCompileExec3917921907
/usr/bin/cmake -E cmake_link_script CMakeFiles/cmTryCompileExec3917921907.dir/link.txt --verbose=1
/usr/bin/c++    -DOpenMP_FLAG_DETECTED -fopenmp    CMakeFiles/cmTryCompileExec3917921907.dir/src.cxx.o  -o cmTryCompileExec3917921907 -rdynamic 
make[1]: Leaving directory `/home/timer/work_git/VaFRIC_data_reader_OpenCV_Eigen/CMakeFiles/CMakeTmp'

Source file was:

#include <omp.h>
int main() {
#ifdef _OPENMP
  return 0;
#else
  breaks_on_purpose
#endif
}

Performing C SOURCE FILE Test OpenMP_FLAG_DETECTED succeded with the following output:
Change Dir: /home/timer/work_git/VaFRIC_data_reader_OpenCV_Eigen/CMakeFiles/CMakeTmp

Run Build Command:/usr/bin/make "cmTryCompileExec3268691769/fast"
/usr/bin/make -f CMakeFiles/cmTryCompileExec3268691769.dir/build.make CMakeFiles/cmTryCompileExec3268691769.dir/build
make[1]: Entering directory `/home/timer/work_git/VaFRIC_data_reader_OpenCV_Eigen/CMakeFiles/CMakeTmp'
/usr/bin/cmake -E cmake_progress_report /home/timer/work_git/VaFRIC_data_reader_OpenCV_Eigen/CMakeFiles/CMakeTmp/CMakeFiles 1
Building C object CMakeFiles/cmTryCompileExec3268691769.dir/src.c.o
/usr/bin/cc   -DOpenMP_FLAG_DETECTED -fopenmp   -o CMakeFiles/cmTryCompileExec3268691769.dir/src.c.o   -c /home/timer/work_git/VaFRIC_data_reader_OpenCV_Eigen/CMakeFiles/CMakeTmp/src.c
Linking C executable cmTryCompileExec3268691769
/usr/bin/cmake -E cmake_link_script CMakeFiles/cmTryCompileExec3268691769.dir/link.txt --verbose=1
/usr/bin/cc   -DOpenMP_FLAG_DETECTED -fopenmp    CMakeFiles/cmTryCompileExec3268691769.dir/src.c.o  -o cmTryCompileExec3268691769 -rdynamic 
make[1]: Leaving directory `/home/timer/work_git/VaFRIC_data_reader_OpenCV_Eigen/CMakeFiles/CMakeTmp'

Source file was:

#include <omp.h>
int main() {
#ifdef _OPENMP
  return 0;
#else
  breaks_on_purpose
#endif
}

Performing C++ SOURCE FILE Test OpenMP_FLAG_DETECTED succeded with the following output:
Change Dir: /home/timer/work_git/VaFRIC_data_reader_OpenCV_Eigen/CMakeFiles/CMakeTmp

Run Build Command:/usr/bin/make "cmTryCompileExec3788031193/fast"
/usr/bin/make -f CMakeFiles/cmTryCompileExec3788031193.dir/build.make CMakeFiles/cmTryCompileExec3788031193.dir/build
make[1]: Entering directory `/home/timer/work_git/VaFRIC_data_reader_OpenCV_Eigen/CMakeFiles/CMakeTmp'
/usr/bin/cmake -E cmake_progress_report /home/timer/work_git/VaFRIC_data_reader_OpenCV_Eigen/CMakeFiles/CMakeTmp/CMakeFiles 1
Building CXX object CMakeFiles/cmTryCompileExec3788031193.dir/src.cxx.o
/usr/bin/c++    -DOpenMP_FLAG_DETECTED -fopenmp   -o CMakeFiles/cmTryCompileExec3788031193.dir/src.cxx.o -c /home/timer/work_git/VaFRIC_data_reader_OpenCV_Eigen/CMakeFiles/CMakeTmp/src.cxx
Linking CXX executable cmTryCompileExec3788031193
/usr/bin/cmake -E cmake_link_script CMakeFiles/cmTryCompileExec3788031193.dir/link.txt --verbose=1
/usr/bin/c++    -DOpenMP_FLAG_DETECTED -fopenmp    CMakeFiles/cmTryCompileExec3788031193.dir/src.cxx.o  -o cmTryCompileExec3788031193 -rdynamic 
make[1]: Leaving directory `/home/timer/work_git/VaFRIC_data_reader_OpenCV_Eigen/CMakeFiles/CMakeTmp'

Source file was:

#include <omp.h>
int main() {
#ifdef _OPENMP
  return 0;
#else
  breaks_on_purpose
#endif
}

Performing C SOURCE FILE Test OpenMP_FLAG_DETECTED succeded with the following output:
Change Dir: /home/timer/work_git/VaFRIC_data_reader_OpenCV_Eigen/CMakeFiles/CMakeTmp

Run Build Command:/usr/bin/make "cmTryCompileExec1795291286/fast"
/usr/bin/make -f CMakeFiles/cmTryCompileExec1795291286.dir/build.make CMakeFiles/cmTryCompileExec1795291286.dir/build
make[1]: Entering directory `/home/timer/work_git/VaFRIC_data_reader_OpenCV_Eigen/CMakeFiles/CMakeTmp'
/usr/bin/cmake -E cmake_progress_report /home/timer/work_git/VaFRIC_data_reader_OpenCV_Eigen/CMakeFiles/CMakeTmp/CMakeFiles 1
Building C object CMakeFiles/cmTryCompileExec1795291286.dir/src.c.o
/usr/bin/cc   -DOpenMP_FLAG_DETECTED -fopenmp   -o CMakeFiles/cmTryCompileExec1795291286.dir/src.c.o   -c /home/timer/work_git/VaFRIC_data_reader_OpenCV_Eigen/CMakeFiles/CMakeTmp/src.c
Linking C executable cmTryCompileExec1795291286
/usr/bin/cmake -E cmake_link_script CMakeFiles/cmTryCompileExec1795291286.dir/link.txt --verbose=1
/usr/bin/cc   -DOpenMP_FLAG_DETECTED -fopenmp    CMakeFiles/cmTryCompileExec1795291286.dir/src.c.o  -o cmTryCompileExec1795291286 -rdynamic 
make[1]: Leaving directory `/home/timer/work_git/VaFRIC_data_reader_OpenCV_Eigen/CMakeFiles/CMakeTmp'

Source file was:

#include <omp.h>
int main() {
#ifdef _OPENMP
  return 0;
#else
  breaks_on_purpose
#endif
}

Performing C++ SOURCE FILE Test OpenMP_FLAG_DETECTED succeded with the following output:
Change Dir: /home/timer/work_git/VaFRIC_data_reader_OpenCV_Eigen/CMakeFiles/CMakeTmp

Run Build Command:/usr/bin/make "cmTryCompileExec1228686653/fast"
/usr/bin/make -f CMakeFiles/cmTryCompileExec1228686653.dir/build.make CMakeFiles/cmTryCompileExec1228686653.dir/build
make[1]: Entering directory `/home/timer/work_git/VaFRIC_data_reader_OpenCV_Eigen/CMakeFiles/CMakeTmp'
/usr/bin/cmake -E cmake_progress_report /home/timer/work_git/VaFRIC_data_reader_OpenCV_Eigen/CMakeFiles/CMakeTmp/CMakeFiles 1
Building CXX object CMakeFiles/cmTryCompileExec1228686653.dir/src.cxx.o
/usr/bin/c++    -DOpenMP_FLAG_DETECTED -fopenmp   -o CMakeFiles/cmTryCompileExec1228686653.dir/src.cxx.o -c /home/timer/work_git/VaFRIC_data_reader_OpenCV_Eigen/CMakeFiles/CMakeTmp/src.cxx
Linking CXX executable cmTryCompileExec1228686653
/usr/bin/cmake -E cmake_link_script CMakeFiles/cmTryCompileExec1228686653.dir/link.txt --verbose=1
/usr/bin/c++    -DOpenMP_FLAG_DETECTED -fopenmp    CMakeFiles/cmTryCompileExec1228686653.dir/src.cxx.o  -o cmTryCompileExec1228686653 -rdynamic 
make[1]: Leaving directory `/home/timer/work_git/VaFRIC_data_reader_OpenCV_Eigen/CMakeFiles/CMakeTmp'

Source file was:

#include <omp.h>
int main() {
#ifdef _OPENMP
  return 0;
#else
  breaks_on_purpose
#endif
}

Performing C SOURCE FILE Test OpenMP_FLAG_DETECTED succeded with the following output:
Change Dir: /home/timer/work_git/VaFRIC_data_reader_OpenCV_Eigen/CMakeFiles/CMakeTmp

Run Build Command:/usr/bin/make "cmTryCompileExec3259918831/fast"
/usr/bin/make -f CMakeFiles/cmTryCompileExec3259918831.dir/build.make CMakeFiles/cmTryCompileExec3259918831.dir/build
make[1]: Entering directory `/home/timer/work_git/VaFRIC_data_reader_OpenCV_Eigen/CMakeFiles/CMakeTmp'
/usr/bin/cmake -E cmake_progress_report /home/timer/work_git/VaFRIC_data_reader_OpenCV_Eigen/CMakeFiles/CMakeTmp/CMakeFiles 1
Building C object CMakeFiles/cmTryCompileExec3259918831.dir/src.c.o
/usr/bin/cc   -DOpenMP_FLAG_DETECTED -fopenmp   -o CMakeFiles/cmTryCompileExec3259918831.dir/src.c.o   -c /home/timer/work_git/VaFRIC_data_reader_OpenCV_Eigen/CMakeFiles/CMakeTmp/src.c
Linking C executable cmTryCompileExec3259918831
/usr/bin/cmake -E cmake_link_script CMakeFiles/cmTryCompileExec3259918831.dir/link.txt --verbose=1
/usr/bin/cc   -DOpenMP_FLAG_DETECTED -fopenmp    CMakeFiles/cmTryCompileExec3259918831.dir/src.c.o  -o cmTryCompileExec3259918831 -rdynamic 
make[1]: Leaving directory `/home/timer/work_git/VaFRIC_data_reader_OpenCV_Eigen/CMakeFiles/CMakeTmp'

Source file was:

#include <omp.h>
int main() {
#ifdef _OPENMP
  return 0;
#else
  breaks_on_purpose
#endif
}

Performing C++ SOURCE FILE Test OpenMP_FLAG_DETECTED succeded with the following output:
Change Dir: /home/timer/work_git/VaFRIC_data_reader_OpenCV_Eigen/CMakeFiles/CMakeTmp

Run Build Command:/usr/bin/make "cmTryCompileExec2352304092/fast"
/usr/bin/make -f CMakeFiles/cmTryCompileExec2352304092.dir/build.make CMakeFiles/cmTryCompileExec2352304092.dir/build
make[1]: Entering directory `/home/timer/work_git/VaFRIC_data_reader_OpenCV_Eigen/CMakeFiles/CMakeTmp'
/usr/bin/cmake -E cmake_progress_report /home/timer/work_git/VaFRIC_data_reader_OpenCV_Eigen/CMakeFiles/CMakeTmp/CMakeFiles 1
Building CXX object CMakeFiles/cmTryCompileExec2352304092.dir/src.cxx.o
/usr/bin/c++    -DOpenMP_FLAG_DETECTED -fopenmp   -o CMakeFiles/cmTryCompileExec2352304092.dir/src.cxx.o -c /home/timer/work_git/VaFRIC_data_reader_OpenCV_Eigen/CMakeFiles/CMakeTmp/src.cxx
Linking CXX executable cmTryCompileExec2352304092
/usr/bin/cmake -E cmake_link_script CMakeFiles/cmTryCompileExec2352304092.dir/link.txt --verbose=1
/usr/bin/c++    -DOpenMP_FLAG_DETECTED -fopenmp    CMakeFiles/cmTryCompileExec2352304092.dir/src.cxx.o  -o cmTryCompileExec2352304092 -rdynamic 
make[1]: Leaving directory `/home/timer/work_git/VaFRIC_data_reader_OpenCV_Eigen/CMakeFiles/CMakeTmp'

Source file was:

#include <omp.h>
int main() {
#ifdef _OPENMP
  return 0;
#else
  breaks_on_purpose
#endif
}

Performing C SOURCE FILE Test OpenMP_FLAG_DETECTED succeded with the following output:
Change Dir: /home/timer/work_git/VaFRIC_data_reader_OpenCV_Eigen/CMakeFiles/CMakeTmp

Run Build Command:/usr/bin/make "cmTryCompileExec3612976377/fast"
/usr/bin/make -f CMakeFiles/cmTryCompileExec3612976377.dir/build.make CMakeFiles/cmTryCompileExec3612976377.dir/build
make[1]: Entering directory `/home/timer/work_git/VaFRIC_data_reader_OpenCV_Eigen/CMakeFiles/CMakeTmp'
/usr/bin/cmake -E cmake_progress_report /home/timer/work_git/VaFRIC_data_reader_OpenCV_Eigen/CMakeFiles/CMakeTmp/CMakeFiles 1
Building C object CMakeFiles/cmTryCompileExec3612976377.dir/src.c.o
/usr/bin/cc   -DOpenMP_FLAG_DETECTED -fopenmp   -o CMakeFiles/cmTryCompileExec3612976377.dir/src.c.o   -c /home/timer/work_git/VaFRIC_data_reader_OpenCV_Eigen/CMakeFiles/CMakeTmp/src.c
Linking C executable cmTryCompileExec3612976377
/usr/bin/cmake -E cmake_link_script CMakeFiles/cmTryCompileExec3612976377.dir/link.txt --verbose=1
/usr/bin/cc   -DOpenMP_FLAG_DETECTED -fopenmp    CMakeFiles/cmTryCompileExec3612976377.dir/src.c.o  -o cmTryCompileExec3612976377 -rdynamic 
make[1]: Leaving directory `/home/timer/work_git/VaFRIC_data_reader_OpenCV_Eigen/CMakeFiles/CMakeTmp'

Source file was:

#include <omp.h>
int main() {
#ifdef _OPENMP
  return 0;
#else
  breaks_on_purpose
#endif
}

Performing C++ SOURCE FILE Test OpenMP_FLAG_DETECTED succeded with the following output:
Change Dir: /home/timer/work_git/VaFRIC_data_reader_OpenCV_Eigen/CMakeFiles/CMakeTmp

Run Build Command:/usr/bin/make "cmTryCompileExec2403806451/fast"
/usr/bin/make -f CMakeFiles/cmTryCompileExec2403806451.dir/build.make CMakeFiles/cmTryCompileExec2403806451.dir/build
make[1]: Entering directory `/home/timer/work_git/VaFRIC_data_reader_OpenCV_Eigen/CMakeFiles/CMakeTmp'
/usr/bin/cmake -E cmake_progress_report /home/timer/work_git/VaFRIC_data_reader_OpenCV_Eigen/CMakeFiles/CMakeTmp/CMakeFiles 1
Building CXX object CMakeFiles/cmTryCompileExec2403806451.dir/src.cxx.o
/usr/bin/c++    -DOpenMP_FLAG_DETECTED -fopenmp   -o CMakeFiles/cmTryCompileExec2403806451.dir/src.cxx.o -c /home/timer/work_git/VaFRIC_data_reader_OpenCV_Eigen/CMakeFiles/CMakeTmp/src.cxx
Linking CXX executable cmTryCompileExec2403806451
/usr/bin/cmake -E cmake_link_script CMakeFiles/cmTryCompileExec2403806451.dir/link.txt --verbose=1
/usr/bin/c++    -DOpenMP_FLAG_DETECTED -fopenmp    CMakeFiles/cmTryCompileExec2403806451.dir/src.cxx.o  -o cmTryCompileExec2403806451 -rdynamic 
make[1]: Leaving directory `/home/timer/work_git/VaFRIC_data_reader_OpenCV_Eigen/CMakeFiles/CMakeTmp'

Source file was:

#include <omp.h>
int main() {
#ifdef _OPENMP
  return 0;
#else
  breaks_on_purpose
#endif
}

